{"meta": {"format": 3, "version": "7.14.0", "timestamp": "2026-05-18T20:07:50.392571", "branch_coverage": true, "show_contexts": false}, "files": {"cookiecutter/__init__.py": {"executed_lines": [3, 5], "summary": {"covered_lines": 2, "num_statements": 2, "percent_covered": 100.0, "percent_covered_display": "100", "missing_lines": 0, "excluded_lines": 0, "percent_statements_covered": 100.0, "percent_statements_covered_display": "100", "num_branches": 0, "num_partial_branches": 0, "covered_branches": 0, "missing_branches": 0, "percent_branches_covered": 100.0, "percent_branches_covered_display": "100"}, "missing_lines": [], "excluded_lines": [], "executed_branches": [], "missing_branches": [], "functions": {"": {"executed_lines": [3, 5], "summary": {"covered_lines": 2, "num_statements": 2, "percent_covered": 100.0, "percent_covered_display": "100", "missing_lines": 0, "excluded_lines": 0, "percent_statements_covered": 100.0, "percent_statements_covered_display": "100", "num_branches": 0, "num_partial_branches": 0, "covered_branches": 0, "missing_branches": 0, "percent_branches_covered": 100.0, "percent_branches_covered_display": "100"}, "missing_lines": [], "excluded_lines": [], "start_line": 1, "executed_branches": [], "missing_branches": []}}, "classes": {"": {"executed_lines": [3, 5], "summary": {"covered_lines": 2, "num_statements": 2, "percent_covered": 100.0, "percent_covered_display": "100", "missing_lines": 0, "excluded_lines": 0, "percent_statements_covered": 100.0, "percent_statements_covered_display": "100", "num_branches": 0, "num_partial_branches": 0, "covered_branches": 0, "missing_branches": 0, "percent_branches_covered": 100.0, "percent_branches_covered_display": "100"}, "missing_lines": [], "excluded_lines": [], "start_line": 1, "executed_branches": [], "missing_branches": []}}}, "cookiecutter/cli.py": {"executed_lines": [3, 5, 6, 7, 8, 9, 18, 20, 21, 22, 34, 35, 38, 40, 41, 42, 45, 49, 50, 59, 62, 66, 67, 68, 69, 73, 75, 82, 83, 84, 87, 88, 89, 90, 91, 98, 103, 108, 111, 117, 123, 129, 136, 143, 146, 151, 157, 163, 166, 171, 197, 198, 199, 202, 206, 210, 213, 215, 216, 218, 219, 235, 246, 247, 248, 257], "summary": {"covered_lines": 66, "num_statements": 77, "percent_covered": 84.21052631578948, "percent_covered_display": "84", "missing_lines": 11, "excluded_lines": 4, "percent_statements_covered": 85.71428571428571, "percent_statements_covered_display": "86", "num_branches": 18, "num_partial_branches": 4, "covered_branches": 14, "missing_branches": 4, "percent_branches_covered": 77.77777777777777, "percent_branches_covered_display": "78"}, "missing_lines": [51, 55, 203, 204, 211, 249, 250, 252, 253, 254, 258], "excluded_lines": [11, 12, 13, 15], "executed_branches": [[49, 50], [49, 59], [50, 49], [68, 69], [68, 75], [83, -62], [83, 84], [197, 198], [197, 202], [202, 206], [210, 213], [215, 216], [215, 218], [257, -1]], "missing_branches": [[50, 51], [202, 203], [210, 211], [257, 258]], "functions": {"version_msg": {"executed_lines": [40, 41, 42], "summary": {"covered_lines": 3, "num_statements": 3, "percent_covered": 100.0, "percent_covered_display": "100", "missing_lines": 0, "excluded_lines": 0, "percent_statements_covered": 100.0, "percent_statements_covered_display": "100", "num_branches": 0, "num_partial_branches": 0, "covered_branches": 0, "missing_branches": 0, "percent_branches_covered": 100.0, "percent_branches_covered_display": "100"}, "missing_lines": [], "excluded_lines": [], "start_line": 38, "executed_branches": [], "missing_branches": []}, "validate_extra_context": {"executed_lines": [49, 50, 59], "summary": {"covered_lines": 3, "num_statements": 5, "percent_covered": 66.66666666666667, "percent_covered_display": "67", "missing_lines": 2, "excluded_lines": 0, "percent_statements_covered": 60.0, "percent_statements_covered_display": "60", "num_branches": 4, "num_partial_branches": 1, "covered_branches": 3, "missing_branches": 1, "percent_branches_covered": 75.0, "percent_branches_covered_display": "75"}, "missing_lines": [51, 55], "excluded_lines": [], "start_line": 45, "executed_branches": [[49, 50], [49, 59], [50, 49]], "missing_branches": [[50, 51]]}, "list_installed_templates": {"executed_lines": [66, 67, 68, 69, 73, 75, 82, 83, 84], "summary": {"covered_lines": 9, "num_statements": 9, "percent_covered": 100.0, "percent_covered_display": "100", "missing_lines": 0, "excluded_lines": 0, "percent_statements_covered": 100.0, "percent_statements_covered_display": "100", "num_branches": 4, "num_partial_branches": 0, "covered_branches": 4, "missing_branches": 0, "percent_branches_covered": 100.0, "percent_branches_covered_display": "100"}, "missing_lines": [], "excluded_lines": [], "start_line": 62, "executed_branches": [[68, 69], [68, 75], [83, -62], [83, 84]], "missing_branches": []}, "main": {"executed_lines": [197, 198, 199, 202, 206, 210, 213, 215, 216, 218, 219, 235, 246, 247, 248], "summary": {"covered_lines": 15, "num_statements": 23, "percent_covered": 67.74193548387096, "percent_covered_display": "68", "missing_lines": 8, "excluded_lines": 0, "percent_statements_covered": 65.21739130434783, "percent_statements_covered_display": "65", "num_branches": 8, "num_partial_branches": 2, "covered_branches": 6, "missing_branches": 2, "percent_branches_covered": 75.0, "percent_branches_covered_display": "75"}, "missing_lines": [203, 204, 211, 249, 250, 252, 253, 254], "excluded_lines": [], "start_line": 171, "executed_branches": [[197, 198], [197, 202], [202, 206], [210, 213], [215, 216], [215, 218]], "missing_branches": [[202, 203], [210, 211]]}, "": {"executed_lines": [3, 5, 6, 7, 8, 9, 18, 20, 21, 22, 34, 35, 38, 45, 62, 87, 88, 89, 90, 91, 98, 103, 108, 111, 117, 123, 129, 136, 143, 146, 151, 157, 163, 166, 171, 257], "summary": {"covered_lines": 36, "num_statements": 37, "percent_covered": 94.87179487179488, "percent_covered_display": "95", "missing_lines": 1, "excluded_lines": 4, "percent_statements_covered": 97.29729729729729, "percent_statements_covered_display": "97", "num_branches": 2, "num_partial_branches": 1, "covered_branches": 1, "missing_branches": 1, "percent_branches_covered": 50.0, "percent_branches_covered_display": "50"}, "missing_lines": [258], "excluded_lines": [11, 12, 13, 15], "start_line": 1, "executed_branches": [[257, -1]], "missing_branches": [[257, 258]]}}, "classes": {"": {"executed_lines": [3, 5, 6, 7, 8, 9, 18, 20, 21, 22, 34, 35, 38, 40, 41, 42, 45, 49, 50, 59, 62, 66, 67, 68, 69, 73, 75, 82, 83, 84, 87, 88, 89, 90, 91, 98, 103, 108, 111, 117, 123, 129, 136, 143, 146, 151, 157, 163, 166, 171, 197, 198, 199, 202, 206, 210, 213, 215, 216, 218, 219, 235, 246, 247, 248, 257], "summary": {"covered_lines": 66, "num_statements": 77, "percent_covered": 84.21052631578948, "percent_covered_display": "84", "missing_lines": 11, "excluded_lines": 4, "percent_statements_covered": 85.71428571428571, "percent_statements_covered_display": "86", "num_branches": 18, "num_partial_branches": 4, "covered_branches": 14, "missing_branches": 4, "percent_branches_covered": 77.77777777777777, "percent_branches_covered_display": "78"}, "missing_lines": [51, 55, 203, 204, 211, 249, 250, 252, 253, 254, 258], "excluded_lines": [11, 12, 13, 15], "start_line": 1, "executed_branches": [[49, 50], [49, 59], [50, 49], [68, 69], [68, 75], [83, -62], [83, 84], [197, 198], [197, 202], [202, 206], [210, 213], [215, 216], [215, 218], [257, -1]], "missing_branches": [[50, 51], [202, 203], [210, 211], [257, 258]]}}}, "cookiecutter/config.py": {"executed_lines": [3, 5, 6, 7, 8, 9, 11, 13, 18, 20, 22, 28, 36, 38, 39, 42, 48, 50, 53, 54, 56, 58, 61, 63, 67, 68, 69, 70, 74, 78, 80, 81, 83, 84, 86, 89, 112, 116, 117, 118, 121, 122, 123, 125, 127, 128, 131, 134, 135], "summary": {"covered_lines": 49, "num_statements": 61, "percent_covered": 79.22077922077922, "percent_covered_display": "79", "missing_lines": 12, "excluded_lines": 2, "percent_statements_covered": 80.32786885245902, "percent_statements_covered_display": "80", "num_branches": 16, "num_partial_branches": 4, "covered_branches": 12, "missing_branches": 4, "percent_branches_covered": 75.0, "percent_branches_covered_display": "75"}, "missing_lines": [64, 65, 71, 72, 73, 75, 76, 113, 132, 133, 139, 140], "excluded_lines": [15, 16], "executed_branches": [[50, 53], [50, 58], [53, 54], [53, 56], [63, 67], [74, 78], [112, 116], [116, 117], [116, 121], [121, 122], [121, 125], [131, 134]], "missing_branches": [[63, 64], [74, 75], [112, 113], [131, 132]], "functions": {"_expand_path": {"executed_lines": [38, 39], "summary": {"covered_lines": 2, "num_statements": 2, "percent_covered": 100.0, "percent_covered_display": "100", "missing_lines": 0, "excluded_lines": 0, "percent_statements_covered": 100.0, "percent_statements_covered_display": "100", "num_branches": 0, "num_partial_branches": 0, "covered_branches": 0, "missing_branches": 0, "percent_branches_covered": 100.0, "percent_branches_covered_display": "100"}, "missing_lines": [], "excluded_lines": [], "start_line": 36, "executed_branches": [], "missing_branches": []}, "merge_configs": {"executed_lines": [48, 50, 53, 54, 56, 58], "summary": {"covered_lines": 6, "num_statements": 6, "percent_covered": 100.0, "percent_covered_display": "100", "missing_lines": 0, "excluded_lines": 0, "percent_statements_covered": 100.0, "percent_statements_covered_display": "100", "num_branches": 4, "num_partial_branches": 0, "covered_branches": 4, "missing_branches": 0, "percent_branches_covered": 100.0, "percent_branches_covered_display": "100"}, "missing_lines": [], "excluded_lines": [], "start_line": 42, "executed_branches": [[50, 53], [50, 58], [53, 54], [53, 56]], "missing_branches": []}, "get_config": {"executed_lines": [63, 67, 68, 69, 70, 74, 78, 80, 81, 83, 84, 86], "summary": {"covered_lines": 12, "num_statements": 19, "percent_covered": 60.869565217391305, "percent_covered_display": "61", "missing_lines": 7, "excluded_lines": 0, "percent_statements_covered": 63.1578947368421, "percent_statements_covered_display": "63", "num_branches": 4, "num_partial_branches": 2, "covered_branches": 2, "missing_branches": 2, "percent_branches_covered": 50.0, "percent_branches_covered_display": "50"}, "missing_lines": [64, 65, 71, 72, 73, 75, 76], "excluded_lines": [], "start_line": 61, "executed_branches": [[63, 67], [74, 78]], "missing_branches": [[63, 64], [74, 75]]}, "get_user_config": {"executed_lines": [112, 116, 117, 118, 121, 122, 123, 125, 127, 128, 131, 134, 135], "summary": {"covered_lines": 13, "num_statements": 18, "percent_covered": 73.07692307692308, "percent_covered_display": "73", "missing_lines": 5, "excluded_lines": 0, "percent_statements_covered": 72.22222222222223, "percent_statements_covered_display": "72", "num_branches": 8, "num_partial_branches": 2, "covered_branches": 6, "missing_branches": 2, "percent_branches_covered": 75.0, "percent_branches_covered_display": "75"}, "missing_lines": [113, 132, 133, 139, 140], "excluded_lines": [], "start_line": 89, "executed_branches": [[112, 116], [116, 117], [116, 121], [121, 122], [121, 125], [131, 134]], "missing_branches": [[112, 113], [131, 132]]}, "": {"executed_lines": [3, 5, 6, 7, 8, 9, 11, 13, 18, 20, 22, 28, 36, 42, 61, 89], "summary": {"covered_lines": 16, "num_statements": 16, "percent_covered": 100.0, "percent_covered_display": "100", "missing_lines": 0, "excluded_lines": 2, "percent_statements_covered": 100.0, "percent_statements_covered_display": "100", "num_branches": 0, "num_partial_branches": 0, "covered_branches": 0, "missing_branches": 0, "percent_branches_covered": 100.0, "percent_branches_covered_display": "100"}, "missing_lines": [], "excluded_lines": [15, 16], "start_line": 1, "executed_branches": [], "missing_branches": []}}, "classes": {"": {"executed_lines": [3, 5, 6, 7, 8, 9, 11, 13, 18, 20, 22, 28, 36, 38, 39, 42, 48, 50, 53, 54, 56, 58, 61, 63, 67, 68, 69, 70, 74, 78, 80, 81, 83, 84, 86, 89, 112, 116, 117, 118, 121, 122, 123, 125, 127, 128, 131, 134, 135], "summary": {"covered_lines": 49, "num_statements": 61, "percent_covered": 79.22077922077922, "percent_covered_display": "79", "missing_lines": 12, "excluded_lines": 2, "percent_statements_covered": 80.32786885245902, "percent_statements_covered_display": "80", "num_branches": 16, "num_partial_branches": 4, "covered_branches": 12, "missing_branches": 4, "percent_branches_covered": 75.0, "percent_branches_covered_display": "75"}, "missing_lines": [64, 65, 71, 72, 73, 75, 76, 113, 132, 133, 139, 140], "excluded_lines": [15, 16], "start_line": 1, "executed_branches": [[50, 53], [50, 58], [53, 54], [53, 56], [63, 67], [74, 78], [112, 116], [116, 117], [116, 121], [121, 122], [121, 125], [131, 134]], "missing_branches": [[63, 64], [74, 75], [112, 113], [131, 132]]}}}, "cookiecutter/environment.py": {"executed_lines": [3, 5, 7, 9, 12, 19, 28, 30, 37, 39, 40, 45, 51, 52, 53, 54, 56, 59, 66, 71], "summary": {"covered_lines": 20, "num_statements": 23, "percent_covered": 86.95652173913044, "percent_covered_display": "87", "missing_lines": 3, "excluded_lines": 0, "percent_statements_covered": 86.95652173913044, "percent_statements_covered_display": "87", "num_branches": 0, "num_partial_branches": 0, "covered_branches": 0, "missing_branches": 0, "percent_branches_covered": 100.0, "percent_branches_covered_display": "100"}, "missing_lines": [41, 42, 43], "excluded_lines": [], "executed_branches": [], "missing_branches": [], "functions": {"ExtensionLoaderMixin.__init__": {"executed_lines": [28, 30, 37, 39, 40], "summary": {"covered_lines": 5, "num_statements": 8, "percent_covered": 62.5, "percent_covered_display": "62", "missing_lines": 3, "excluded_lines": 0, "percent_statements_covered": 62.5, "percent_statements_covered_display": "62", "num_branches": 0, "num_partial_branches": 0, "covered_branches": 0, "missing_branches": 0, "percent_branches_covered": 100.0, "percent_branches_covered_display": "100"}, "missing_lines": [41, 42, 43], "excluded_lines": [], "start_line": 19, "executed_branches": [], "missing_branches": []}, "ExtensionLoaderMixin._read_extensions": {"executed_lines": [51, 52, 53, 54, 56], "summary": {"covered_lines": 5, "num_statements": 5, "percent_covered": 100.0, "percent_covered_display": "100", "missing_lines": 0, "excluded_lines": 0, "percent_statements_covered": 100.0, "percent_statements_covered_display": "100", "num_branches": 0, "num_partial_branches": 0, "covered_branches": 0, "missing_branches": 0, "percent_branches_covered": 100.0, "percent_branches_covered_display": "100"}, "missing_lines": [], "excluded_lines": [], "start_line": 45, "executed_branches": [], "missing_branches": []}, "StrictEnvironment.__init__": {"executed_lines": [71], "summary": {"covered_lines": 1, "num_statements": 1, "percent_covered": 100.0, "percent_covered_display": "100", "missing_lines": 0, "excluded_lines": 0, "percent_statements_covered": 100.0, "percent_statements_covered_display": "100", "num_branches": 0, "num_partial_branches": 0, "covered_branches": 0, "missing_branches": 0, "percent_branches_covered": 100.0, "percent_branches_covered_display": "100"}, "missing_lines": [], "excluded_lines": [], "start_line": 66, "executed_branches": [], "missing_branches": []}, "": {"executed_lines": [3, 5, 7, 9, 12, 19, 45, 59, 66], "summary": {"covered_lines": 9, "num_statements": 9, "percent_covered": 100.0, "percent_covered_display": "100", "missing_lines": 0, "excluded_lines": 0, "percent_statements_covered": 100.0, "percent_statements_covered_display": "100", "num_branches": 0, "num_partial_branches": 0, "covered_branches": 0, "missing_branches": 0, "percent_branches_covered": 100.0, "percent_branches_covered_display": "100"}, "missing_lines": [], "excluded_lines": [], "start_line": 1, "executed_branches": [], "missing_branches": []}}, "classes": {"ExtensionLoaderMixin": {"executed_lines": [28, 30, 37, 39, 40, 51, 52, 53, 54, 56], "summary": {"covered_lines": 10, "num_statements": 13, "percent_covered": 76.92307692307692, "percent_covered_display": "77", "missing_lines": 3, "excluded_lines": 0, "percent_statements_covered": 76.92307692307692, "percent_statements_covered_display": "77", "num_branches": 0, "num_partial_branches": 0, "covered_branches": 0, "missing_branches": 0, "percent_branches_covered": 100.0, "percent_branches_covered_display": "100"}, "missing_lines": [41, 42, 43], "excluded_lines": [], "start_line": 12, "executed_branches": [], "missing_branches": []}, "StrictEnvironment": {"executed_lines": [71], "summary": {"covered_lines": 1, "num_statements": 1, "percent_covered": 100.0, "percent_covered_display": "100", "missing_lines": 0, "excluded_lines": 0, "percent_statements_covered": 100.0, "percent_statements_covered_display": "100", "num_branches": 0, "num_partial_branches": 0, "covered_branches": 0, "missing_branches": 0, "percent_branches_covered": 100.0, "percent_branches_covered_display": "100"}, "missing_lines": [], "excluded_lines": [], "start_line": 59, "executed_branches": [], "missing_branches": []}, "": {"executed_lines": [3, 5, 7, 9, 12, 19, 45, 59, 66], "summary": {"covered_lines": 9, "num_statements": 9, "percent_covered": 100.0, "percent_covered_display": "100", "missing_lines": 0, "excluded_lines": 0, "percent_statements_covered": 100.0, "percent_statements_covered_display": "100", "num_branches": 0, "num_partial_branches": 0, "covered_branches": 0, "missing_branches": 0, "percent_branches_covered": 100.0, "percent_branches_covered_display": "100"}, "missing_lines": [], "excluded_lines": [], "start_line": 1, "executed_branches": [], "missing_branches": []}}}, "cookiecutter/exceptions.py": {"executed_lines": [3, 5, 11, 19, 28, 39, 50, 59, 68, 76, 84, 92, 100, 108, 117, 125, 133, 137, 138, 139, 141, 143, 150, 158, 166, 174], "summary": {"covered_lines": 26, "num_statements": 26, "percent_covered": 100.0, "percent_covered_display": "100", "missing_lines": 0, "excluded_lines": 2, "percent_statements_covered": 100.0, "percent_statements_covered_display": "100", "num_branches": 0, "num_partial_branches": 0, "covered_branches": 0, "missing_branches": 0, "percent_branches_covered": 100.0, "percent_branches_covered_display": "100"}, "missing_lines": [], "excluded_lines": [7, 8], "executed_branches": [], "missing_branches": [], "functions": {"UndefinedVariableInTemplate.__init__": {"executed_lines": [137, 138, 139], "summary": {"covered_lines": 3, "num_statements": 3, "percent_covered": 100.0, "percent_covered_display": "100", "missing_lines": 0, "excluded_lines": 0, "percent_statements_covered": 100.0, "percent_statements_covered_display": "100", "num_branches": 0, "num_partial_branches": 0, "covered_branches": 0, "missing_branches": 0, "percent_branches_covered": 100.0, "percent_branches_covered_display": "100"}, "missing_lines": [], "excluded_lines": [], "start_line": 133, "executed_branches": [], "missing_branches": []}, "UndefinedVariableInTemplate.__str__": {"executed_lines": [143], "summary": {"covered_lines": 1, "num_statements": 1, "percent_covered": 100.0, "percent_covered_display": "100", "missing_lines": 0, "excluded_lines": 0, "percent_statements_covered": 100.0, "percent_statements_covered_display": "100", "num_branches": 0, "num_partial_branches": 0, "covered_branches": 0, "missing_branches": 0, "percent_branches_covered": 100.0, "percent_branches_covered_display": "100"}, "missing_lines": [], "excluded_lines": [], "start_line": 141, "executed_branches": [], "missing_branches": []}, "": {"executed_lines": [3, 5, 11, 19, 28, 39, 50, 59, 68, 76, 84, 92, 100, 108, 117, 125, 133, 141, 150, 158, 166, 174], "summary": {"covered_lines": 22, "num_statements": 22, "percent_covered": 100.0, "percent_covered_display": "100", "missing_lines": 0, "excluded_lines": 2, "percent_statements_covered": 100.0, "percent_statements_covered_display": "100", "num_branches": 0, "num_partial_branches": 0, "covered_branches": 0, "missing_branches": 0, "percent_branches_covered": 100.0, "percent_branches_covered_display": "100"}, "missing_lines": [], "excluded_lines": [7, 8], "start_line": 1, "executed_branches": [], "missing_branches": []}}, "classes": {"CookiecutterException": {"executed_lines": [], "summary": {"covered_lines": 0, "num_statements": 0, "percent_covered": 100.0, "percent_covered_display": "100", "missing_lines": 0, "excluded_lines": 0, "percent_statements_covered": 100.0, "percent_statements_covered_display": "100", "num_branches": 0, "num_partial_branches": 0, "covered_branches": 0, "missing_branches": 0, "percent_branches_covered": 100.0, "percent_branches_covered_display": "100"}, "missing_lines": [], "excluded_lines": [], "start_line": 11, "executed_branches": [], "missing_branches": []}, "NonTemplatedInputDirException": {"executed_lines": [], "summary": {"covered_lines": 0, "num_statements": 0, "percent_covered": 100.0, "percent_covered_display": "100", "missing_lines": 0, "excluded_lines": 0, "percent_statements_covered": 100.0, "percent_statements_covered_display": "100", "num_branches": 0, "num_partial_branches": 0, "covered_branches": 0, "missing_branches": 0, "percent_branches_covered": 100.0, "percent_branches_covered_display": "100"}, "missing_lines": [], "excluded_lines": [], "start_line": 19, "executed_branches": [], "missing_branches": []}, "UnknownTemplateDirException": {"executed_lines": [], "summary": {"covered_lines": 0, "num_statements": 0, "percent_covered": 100.0, "percent_covered_display": "100", "missing_lines": 0, "excluded_lines": 0, "percent_statements_covered": 100.0, "percent_statements_covered_display": "100", "num_branches": 0, "num_partial_branches": 0, "covered_branches": 0, "missing_branches": 0, "percent_branches_covered": 100.0, "percent_branches_covered_display": "100"}, "missing_lines": [], "excluded_lines": [], "start_line": 28, "executed_branches": [], "missing_branches": []}, "MissingProjectDir": {"executed_lines": [], "summary": {"covered_lines": 0, "num_statements": 0, "percent_covered": 100.0, "percent_covered_display": "100", "missing_lines": 0, "excluded_lines": 0, "percent_statements_covered": 100.0, "percent_statements_covered_display": "100", "num_branches": 0, "num_partial_branches": 0, "covered_branches": 0, "missing_branches": 0, "percent_branches_covered": 100.0, "percent_branches_covered_display": "100"}, "missing_lines": [], "excluded_lines": [], "start_line": 39, "executed_branches": [], "missing_branches": []}, "ConfigDoesNotExistException": {"executed_lines": [], "summary": {"covered_lines": 0, "num_statements": 0, "percent_covered": 100.0, "percent_covered_display": "100", "missing_lines": 0, "excluded_lines": 0, "percent_statements_covered": 100.0, "percent_statements_covered_display": "100", "num_branches": 0, "num_partial_branches": 0, "covered_branches": 0, "missing_branches": 0, "percent_branches_covered": 100.0, "percent_branches_covered_display": "100"}, "missing_lines": [], "excluded_lines": [], "start_line": 50, "executed_branches": [], "missing_branches": []}, "InvalidConfiguration": {"executed_lines": [], "summary": {"covered_lines": 0, "num_statements": 0, "percent_covered": 100.0, "percent_covered_display": "100", "missing_lines": 0, "excluded_lines": 0, "percent_statements_covered": 100.0, "percent_statements_covered_display": "100", "num_branches": 0, "num_partial_branches": 0, "covered_branches": 0, "missing_branches": 0, "percent_branches_covered": 100.0, "percent_branches_covered_display": "100"}, "missing_lines": [], "excluded_lines": [], "start_line": 59, "executed_branches": [], "missing_branches": []}, "UnknownRepoType": {"executed_lines": [], "summary": {"covered_lines": 0, "num_statements": 0, "percent_covered": 100.0, "percent_covered_display": "100", "missing_lines": 0, "excluded_lines": 0, "percent_statements_covered": 100.0, "percent_statements_covered_display": "100", "num_branches": 0, "num_partial_branches": 0, "covered_branches": 0, "missing_branches": 0, "percent_branches_covered": 100.0, "percent_branches_covered_display": "100"}, "missing_lines": [], "excluded_lines": [], "start_line": 68, "executed_branches": [], "missing_branches": []}, "VCSNotInstalled": {"executed_lines": [], "summary": {"covered_lines": 0, "num_statements": 0, "percent_covered": 100.0, "percent_covered_display": "100", "missing_lines": 0, "excluded_lines": 0, "percent_statements_covered": 100.0, "percent_statements_covered_display": "100", "num_branches": 0, "num_partial_branches": 0, "covered_branches": 0, "missing_branches": 0, "percent_branches_covered": 100.0, "percent_branches_covered_display": "100"}, "missing_lines": [], "excluded_lines": [], "start_line": 76, "executed_branches": [], "missing_branches": []}, "ContextDecodingException": {"executed_lines": [], "summary": {"covered_lines": 0, "num_statements": 0, "percent_covered": 100.0, "percent_covered_display": "100", "missing_lines": 0, "excluded_lines": 0, "percent_statements_covered": 100.0, "percent_statements_covered_display": "100", "num_branches": 0, "num_partial_branches": 0, "covered_branches": 0, "missing_branches": 0, "percent_branches_covered": 100.0, "percent_branches_covered_display": "100"}, "missing_lines": [], "excluded_lines": [], "start_line": 84, "executed_branches": [], "missing_branches": []}, "OutputDirExistsException": {"executed_lines": [], "summary": {"covered_lines": 0, "num_statements": 0, "percent_covered": 100.0, "percent_covered_display": "100", "missing_lines": 0, "excluded_lines": 0, "percent_statements_covered": 100.0, "percent_statements_covered_display": "100", "num_branches": 0, "num_partial_branches": 0, "covered_branches": 0, "missing_branches": 0, "percent_branches_covered": 100.0, "percent_branches_covered_display": "100"}, "missing_lines": [], "excluded_lines": [], "start_line": 92, "executed_branches": [], "missing_branches": []}, "EmptyDirNameException": {"executed_lines": [], "summary": {"covered_lines": 0, "num_statements": 0, "percent_covered": 100.0, "percent_covered_display": "100", "missing_lines": 0, "excluded_lines": 0, "percent_statements_covered": 100.0, "percent_statements_covered_display": "100", "num_branches": 0, "num_partial_branches": 0, "covered_branches": 0, "missing_branches": 0, "percent_branches_covered": 100.0, "percent_branches_covered_display": "100"}, "missing_lines": [], "excluded_lines": [], "start_line": 100, "executed_branches": [], "missing_branches": []}, "InvalidModeException": {"executed_lines": [], "summary": {"covered_lines": 0, "num_statements": 0, "percent_covered": 100.0, "percent_covered_display": "100", "missing_lines": 0, "excluded_lines": 0, "percent_statements_covered": 100.0, "percent_statements_covered_display": "100", "num_branches": 0, "num_partial_branches": 0, "covered_branches": 0, "missing_branches": 0, "percent_branches_covered": 100.0, "percent_branches_covered_display": "100"}, "missing_lines": [], "excluded_lines": [], "start_line": 108, "executed_branches": [], "missing_branches": []}, "FailedHookException": {"executed_lines": [], "summary": {"covered_lines": 0, "num_statements": 0, "percent_covered": 100.0, "percent_covered_display": "100", "missing_lines": 0, "excluded_lines": 0, "percent_statements_covered": 100.0, "percent_statements_covered_display": "100", "num_branches": 0, "num_partial_branches": 0, "covered_branches": 0, "missing_branches": 0, "percent_branches_covered": 100.0, "percent_branches_covered_display": "100"}, "missing_lines": [], "excluded_lines": [], "start_line": 117, "executed_branches": [], "missing_branches": []}, "UndefinedVariableInTemplate": {"executed_lines": [137, 138, 139, 143], "summary": {"covered_lines": 4, "num_statements": 4, "percent_covered": 100.0, "percent_covered_display": "100", "missing_lines": 0, "excluded_lines": 0, "percent_statements_covered": 100.0, "percent_statements_covered_display": "100", "num_branches": 0, "num_partial_branches": 0, "covered_branches": 0, "missing_branches": 0, "percent_branches_covered": 100.0, "percent_branches_covered_display": "100"}, "missing_lines": [], "excluded_lines": [], "start_line": 125, "executed_branches": [], "missing_branches": []}, "UnknownExtension": {"executed_lines": [], "summary": {"covered_lines": 0, "num_statements": 0, "percent_covered": 100.0, "percent_covered_display": "100", "missing_lines": 0, "excluded_lines": 0, "percent_statements_covered": 100.0, "percent_statements_covered_display": "100", "num_branches": 0, "num_partial_branches": 0, "covered_branches": 0, "missing_branches": 0, "percent_branches_covered": 100.0, "percent_branches_covered_display": "100"}, "missing_lines": [], "excluded_lines": [], "start_line": 150, "executed_branches": [], "missing_branches": []}, "RepositoryNotFound": {"executed_lines": [], "summary": {"covered_lines": 0, "num_statements": 0, "percent_covered": 100.0, "percent_covered_display": "100", "missing_lines": 0, "excluded_lines": 0, "percent_statements_covered": 100.0, "percent_statements_covered_display": "100", "num_branches": 0, "num_partial_branches": 0, "covered_branches": 0, "missing_branches": 0, "percent_branches_covered": 100.0, "percent_branches_covered_display": "100"}, "missing_lines": [], "excluded_lines": [], "start_line": 158, "executed_branches": [], "missing_branches": []}, "RepositoryCloneFailed": {"executed_lines": [], "summary": {"covered_lines": 0, "num_statements": 0, "percent_covered": 100.0, "percent_covered_display": "100", "missing_lines": 0, "excluded_lines": 0, "percent_statements_covered": 100.0, "percent_statements_covered_display": "100", "num_branches": 0, "num_partial_branches": 0, "covered_branches": 0, "missing_branches": 0, "percent_branches_covered": 100.0, "percent_branches_covered_display": "100"}, "missing_lines": [], "excluded_lines": [], "start_line": 166, "executed_branches": [], "missing_branches": []}, "InvalidZipRepository": {"executed_lines": [], "summary": {"covered_lines": 0, "num_statements": 0, "percent_covered": 100.0, "percent_covered_display": "100", "missing_lines": 0, "excluded_lines": 0, "percent_statements_covered": 100.0, "percent_statements_covered_display": "100", "num_branches": 0, "num_partial_branches": 0, "covered_branches": 0, "missing_branches": 0, "percent_branches_covered": 100.0, "percent_branches_covered_display": "100"}, "missing_lines": [], "excluded_lines": [], "start_line": 174, "executed_branches": [], "missing_branches": []}, "": {"executed_lines": [3, 5, 11, 19, 28, 39, 50, 59, 68, 76, 84, 92, 100, 108, 117, 125, 133, 141, 150, 158, 166, 174], "summary": {"covered_lines": 22, "num_statements": 22, "percent_covered": 100.0, "percent_covered_display": "100", "missing_lines": 0, "excluded_lines": 2, "percent_statements_covered": 100.0, "percent_statements_covered_display": "100", "num_branches": 0, "num_partial_branches": 0, "covered_branches": 0, "missing_branches": 0, "percent_branches_covered": 100.0, "percent_branches_covered_display": "100"}, "missing_lines": [], "excluded_lines": [7, 8], "start_line": 1, "executed_branches": [], "missing_branches": []}}}, "cookiecutter/extensions.py": {"executed_lines": [3, 5, 6, 7, 8, 9, 10, 12, 13, 14, 15, 16, 24, 27, 29, 31, 34, 37, 40, 42, 44, 51, 54, 57, 59, 61, 93, 96, 99, 101, 103, 107, 110, 113, 115, 117, 119, 121, 141, 146], "summary": {"covered_lines": 40, "num_statements": 70, "percent_covered": 47.61904761904762, "percent_covered_display": "48", "missing_lines": 30, "excluded_lines": 3, "percent_statements_covered": 57.142857142857146, "percent_statements_covered_display": "57", "num_branches": 14, "num_partial_branches": 0, "covered_branches": 0, "missing_branches": 14, "percent_branches_covered": 0.0, "percent_branches_covered_display": "0"}, "missing_lines": [32, 45, 46, 48, 49, 77, 105, 128, 131, 132, 133, 134, 135, 137, 138, 139, 142, 143, 144, 148, 150, 152, 153, 155, 157, 158, 163, 164, 170, 175], "excluded_lines": [18, 19, 21], "executed_branches": [], "missing_branches": [[45, 46], [45, 48], [132, 133], [132, 135], [137, 138], [137, 139], [142, 143], [142, 144], [152, 153], [152, 155], [157, 158], [157, 163], [163, 164], [163, 170]], "functions": {"JsonifyExtension.__init__": {"executed_lines": [29, 31, 34], "summary": {"covered_lines": 3, "num_statements": 3, "percent_covered": 100.0, "percent_covered_display": "100", "missing_lines": 0, "excluded_lines": 0, "percent_statements_covered": 100.0, "percent_statements_covered_display": "100", "num_branches": 0, "num_partial_branches": 0, "covered_branches": 0, "missing_branches": 0, "percent_branches_covered": 100.0, "percent_branches_covered_display": "100"}, "missing_lines": [], "excluded_lines": [], "start_line": 27, "executed_branches": [], "missing_branches": []}, "JsonifyExtension.__init__.jsonify": {"executed_lines": [], "summary": {"covered_lines": 0, "num_statements": 1, "percent_covered": 0.0, "percent_covered_display": "0", "missing_lines": 1, "excluded_lines": 0, "percent_statements_covered": 0.0, "percent_statements_covered_display": "0", "num_branches": 0, "num_partial_branches": 0, "covered_branches": 0, "missing_branches": 0, "percent_branches_covered": 100.0, "percent_branches_covered_display": "100"}, "missing_lines": [32], "excluded_lines": [], "start_line": 31, "executed_branches": [], "missing_branches": []}, "RandomStringExtension.__init__": {"executed_lines": [42, 44, 51], "summary": {"covered_lines": 3, "num_statements": 3, "percent_covered": 100.0, "percent_covered_display": "100", "missing_lines": 0, "excluded_lines": 0, "percent_statements_covered": 100.0, "percent_statements_covered_display": "100", "num_branches": 0, "num_partial_branches": 0, "covered_branches": 0, "missing_branches": 0, "percent_branches_covered": 100.0, "percent_branches_covered_display": "100"}, "missing_lines": [], "excluded_lines": [], "start_line": 40, "executed_branches": [], "missing_branches": []}, "RandomStringExtension.__init__.random_ascii_string": {"executed_lines": [], "summary": {"covered_lines": 0, "num_statements": 4, "percent_covered": 0.0, "percent_covered_display": "0", "missing_lines": 4, "excluded_lines": 0, "percent_statements_covered": 0.0, "percent_statements_covered_display": "0", "num_branches": 2, "num_partial_branches": 0, "covered_branches": 0, "missing_branches": 2, "percent_branches_covered": 0.0, "percent_branches_covered_display": "0"}, "missing_lines": [45, 46, 48, 49], "excluded_lines": [], "start_line": 44, "executed_branches": [], "missing_branches": [[45, 46], [45, 48]]}, "SlugifyExtension.__init__": {"executed_lines": [59, 61, 93], "summary": {"covered_lines": 3, "num_statements": 3, "percent_covered": 100.0, "percent_covered_display": "100", "missing_lines": 0, "excluded_lines": 0, "percent_statements_covered": 100.0, "percent_statements_covered_display": "100", "num_branches": 0, "num_partial_branches": 0, "covered_branches": 0, "missing_branches": 0, "percent_branches_covered": 100.0, "percent_branches_covered_display": "100"}, "missing_lines": [], "excluded_lines": [], "start_line": 57, "executed_branches": [], "missing_branches": []}, "SlugifyExtension.__init__.slugify": {"executed_lines": [], "summary": {"covered_lines": 0, "num_statements": 1, "percent_covered": 0.0, "percent_covered_display": "0", "missing_lines": 1, "excluded_lines": 0, "percent_statements_covered": 0.0, "percent_statements_covered_display": "0", "num_branches": 0, "num_partial_branches": 0, "covered_branches": 0, "missing_branches": 0, "percent_branches_covered": 100.0, "percent_branches_covered_display": "100"}, "missing_lines": [77], "excluded_lines": [], "start_line": 61, "executed_branches": [], "missing_branches": []}, "UUIDExtension.__init__": {"executed_lines": [101, 103, 107], "summary": {"covered_lines": 3, "num_statements": 3, "percent_covered": 100.0, "percent_covered_display": "100", "missing_lines": 0, "excluded_lines": 0, "percent_statements_covered": 100.0, "percent_statements_covered_display": "100", "num_branches": 0, "num_partial_branches": 0, "covered_branches": 0, "missing_branches": 0, "percent_branches_covered": 100.0, "percent_branches_covered_display": "100"}, "missing_lines": [], "excluded_lines": [], "start_line": 99, "executed_branches": [], "missing_branches": []}, "UUIDExtension.__init__.uuid4": {"executed_lines": [], "summary": {"covered_lines": 0, "num_statements": 1, "percent_covered": 0.0, "percent_covered_display": "0", "missing_lines": 1, "excluded_lines": 0, "percent_statements_covered": 0.0, "percent_statements_covered_display": "0", "num_branches": 0, "num_partial_branches": 0, "covered_branches": 0, "missing_branches": 0, "percent_branches_covered": 100.0, "percent_branches_covered_display": "100"}, "missing_lines": [105], "excluded_lines": [], "start_line": 103, "executed_branches": [], "missing_branches": []}, "TimeExtension.__init__": {"executed_lines": [117, 119], "summary": {"covered_lines": 2, "num_statements": 2, "percent_covered": 100.0, "percent_covered_display": "100", "missing_lines": 0, "excluded_lines": 0, "percent_statements_covered": 100.0, "percent_statements_covered_display": "100", "num_branches": 0, "num_partial_branches": 0, "covered_branches": 0, "missing_branches": 0, "percent_branches_covered": 100.0, "percent_branches_covered_display": "100"}, "missing_lines": [], "excluded_lines": [], "start_line": 115, "executed_branches": [], "missing_branches": []}, "TimeExtension._datetime": {"executed_lines": [], "summary": {"covered_lines": 0, "num_statements": 9, "percent_covered": 0.0, "percent_covered_display": "0", "missing_lines": 9, "excluded_lines": 0, "percent_statements_covered": 0.0, "percent_statements_covered_display": "0", "num_branches": 4, "num_partial_branches": 0, "covered_branches": 0, "missing_branches": 4, "percent_branches_covered": 0.0, "percent_branches_covered_display": "0"}, "missing_lines": [128, 131, 132, 133, 134, 135, 137, 138, 139], "excluded_lines": [], "start_line": 121, "executed_branches": [], "missing_branches": [[132, 133], [132, 135], [137, 138], [137, 139]]}, "TimeExtension._now": {"executed_lines": [], "summary": {"covered_lines": 0, "num_statements": 3, "percent_covered": 0.0, "percent_covered_display": "0", "missing_lines": 3, "excluded_lines": 0, "percent_statements_covered": 0.0, "percent_statements_covered_display": "0", "num_branches": 2, "num_partial_branches": 0, "covered_branches": 0, "missing_branches": 2, "percent_branches_covered": 0.0, "percent_branches_covered_display": "0"}, "missing_lines": [142, 143, 144], "excluded_lines": [], "start_line": 141, "executed_branches": [], "missing_branches": [[142, 143], [142, 144]]}, "TimeExtension.parse": {"executed_lines": [], "summary": {"covered_lines": 0, "num_statements": 11, "percent_covered": 0.0, "percent_covered_display": "0", "missing_lines": 11, "excluded_lines": 0, "percent_statements_covered": 0.0, "percent_statements_covered_display": "0", "num_branches": 6, "num_partial_branches": 0, "covered_branches": 0, "missing_branches": 6, "percent_branches_covered": 0.0, "percent_branches_covered_display": "0"}, "missing_lines": [148, 150, 152, 153, 155, 157, 158, 163, 164, 170, 175], "excluded_lines": [], "start_line": 146, "executed_branches": [], "missing_branches": [[152, 153], [152, 155], [157, 158], [157, 163], [163, 164], [163, 170]]}, "": {"executed_lines": [3, 5, 6, 7, 8, 9, 10, 12, 13, 14, 15, 16, 24, 27, 37, 40, 54, 57, 96, 99, 110, 113, 115, 121, 141, 146], "summary": {"covered_lines": 26, "num_statements": 26, "percent_covered": 100.0, "percent_covered_display": "100", "missing_lines": 0, "excluded_lines": 3, "percent_statements_covered": 100.0, "percent_statements_covered_display": "100", "num_branches": 0, "num_partial_branches": 0, "covered_branches": 0, "missing_branches": 0, "percent_branches_covered": 100.0, "percent_branches_covered_display": "100"}, "missing_lines": [], "excluded_lines": [18, 19, 21], "start_line": 1, "executed_branches": [], "missing_branches": []}}, "classes": {"JsonifyExtension": {"executed_lines": [29, 31, 34], "summary": {"covered_lines": 3, "num_statements": 4, "percent_covered": 75.0, "percent_covered_display": "75", "missing_lines": 1, "excluded_lines": 0, "percent_statements_covered": 75.0, "percent_statements_covered_display": "75", "num_branches": 0, "num_partial_branches": 0, "covered_branches": 0, "missing_branches": 0, "percent_branches_covered": 100.0, "percent_branches_covered_display": "100"}, "missing_lines": [32], "excluded_lines": [], "start_line": 24, "executed_branches": [], "missing_branches": []}, "RandomStringExtension": {"executed_lines": [42, 44, 51], "summary": {"covered_lines": 3, "num_statements": 7, "percent_covered": 33.333333333333336, "percent_covered_display": "33", "missing_lines": 4, "excluded_lines": 0, "percent_statements_covered": 42.857142857142854, "percent_statements_covered_display": "43", "num_branches": 2, "num_partial_branches": 0, "covered_branches": 0, "missing_branches": 2, "percent_branches_covered": 0.0, "percent_branches_covered_display": "0"}, "missing_lines": [45, 46, 48, 49], "excluded_lines": [], "start_line": 37, "executed_branches": [], "missing_branches": [[45, 46], [45, 48]]}, "SlugifyExtension": {"executed_lines": [59, 61, 93], "summary": {"covered_lines": 3, "num_statements": 4, "percent_covered": 75.0, "percent_covered_display": "75", "missing_lines": 1, "excluded_lines": 0, "percent_statements_covered": 75.0, "percent_statements_covered_display": "75", "num_branches": 0, "num_partial_branches": 0, "covered_branches": 0, "missing_branches": 0, "percent_branches_covered": 100.0, "percent_branches_covered_display": "100"}, "missing_lines": [77], "excluded_lines": [], "start_line": 54, "executed_branches": [], "missing_branches": []}, "UUIDExtension": {"executed_lines": [101, 103, 107], "summary": {"covered_lines": 3, "num_statements": 4, "percent_covered": 75.0, "percent_covered_display": "75", "missing_lines": 1, "excluded_lines": 0, "percent_statements_covered": 75.0, "percent_statements_covered_display": "75", "num_branches": 0, "num_partial_branches": 0, "covered_branches": 0, "missing_branches": 0, "percent_branches_covered": 100.0, "percent_branches_covered_display": "100"}, "missing_lines": [105], "excluded_lines": [], "start_line": 96, "executed_branches": [], "missing_branches": []}, "TimeExtension": {"executed_lines": [117, 119], "summary": {"covered_lines": 2, "num_statements": 25, "percent_covered": 5.405405405405405, "percent_covered_display": "5", "missing_lines": 23, "excluded_lines": 0, "percent_statements_covered": 8.0, "percent_statements_covered_display": "8", "num_branches": 12, "num_partial_branches": 0, "covered_branches": 0, "missing_branches": 12, "percent_branches_covered": 0.0, "percent_branches_covered_display": "0"}, "missing_lines": [128, 131, 132, 133, 134, 135, 137, 138, 139, 142, 143, 144, 148, 150, 152, 153, 155, 157, 158, 163, 164, 170, 175], "excluded_lines": [], "start_line": 110, "executed_branches": [], "missing_branches": [[132, 133], [132, 135], [137, 138], [137, 139], [142, 143], [142, 144], [152, 153], [152, 155], [157, 158], [157, 163], [163, 164], [163, 170]]}, "": {"executed_lines": [3, 5, 6, 7, 8, 9, 10, 12, 13, 14, 15, 16, 24, 27, 37, 40, 54, 57, 96, 99, 110, 113, 115, 121, 141, 146], "summary": {"covered_lines": 26, "num_statements": 26, "percent_covered": 100.0, "percent_covered_display": "100", "missing_lines": 0, "excluded_lines": 3, "percent_statements_covered": 100.0, "percent_statements_covered_display": "100", "num_branches": 0, "num_partial_branches": 0, "covered_branches": 0, "missing_branches": 0, "percent_branches_covered": 100.0, "percent_branches_covered_display": "100"}, "missing_lines": [], "excluded_lines": [18, 19, 21], "start_line": 1, "executed_branches": [], "missing_branches": []}}}, "cookiecutter/find.py": {"executed_lines": [3, 5, 6, 7, 8, 10, 15, 18, 24, 26, 27, 32, 33, 35, 37, 38], "summary": {"covered_lines": 16, "num_statements": 16, "percent_covered": 100.0, "percent_covered_display": "100", "missing_lines": 0, "excluded_lines": 2, "percent_statements_covered": 100.0, "percent_statements_covered_display": "100", "num_branches": 4, "num_partial_branches": 0, "covered_branches": 4, "missing_branches": 0, "percent_branches_covered": 100.0, "percent_branches_covered_display": "100"}, "missing_lines": [], "excluded_lines": [12, 13], "executed_branches": [[26, 27], [26, 35], [27, 26], [27, 32]], "missing_branches": [], "functions": {"find_template": {"executed_lines": [24, 26, 27, 32, 33, 35, 37, 38], "summary": {"covered_lines": 8, "num_statements": 8, "percent_covered": 100.0, "percent_covered_display": "100", "missing_lines": 0, "excluded_lines": 0, "percent_statements_covered": 100.0, "percent_statements_covered_display": "100", "num_branches": 4, "num_partial_branches": 0, "covered_branches": 4, "missing_branches": 0, "percent_branches_covered": 100.0, "percent_branches_covered_display": "100"}, "missing_lines": [], "excluded_lines": [], "start_line": 18, "executed_branches": [[26, 27], [26, 35], [27, 26], [27, 32]], "missing_branches": []}, "": {"executed_lines": [3, 5, 6, 7, 8, 10, 15, 18], "summary": {"covered_lines": 8, "num_statements": 8, "percent_covered": 100.0, "percent_covered_display": "100", "missing_lines": 0, "excluded_lines": 2, "percent_statements_covered": 100.0, "percent_statements_covered_display": "100", "num_branches": 0, "num_partial_branches": 0, "covered_branches": 0, "missing_branches": 0, "percent_branches_covered": 100.0, "percent_branches_covered_display": "100"}, "missing_lines": [], "excluded_lines": [12, 13], "start_line": 1, "executed_branches": [], "missing_branches": []}}, "classes": {"": {"executed_lines": [3, 5, 6, 7, 8, 10, 15, 18, 24, 26, 27, 32, 33, 35, 37, 38], "summary": {"covered_lines": 16, "num_statements": 16, "percent_covered": 100.0, "percent_covered_display": "100", "missing_lines": 0, "excluded_lines": 2, "percent_statements_covered": 100.0, "percent_statements_covered_display": "100", "num_branches": 4, "num_partial_branches": 0, "covered_branches": 4, "missing_branches": 0, "percent_branches_covered": 100.0, "percent_branches_covered_display": "100"}, "missing_lines": [], "excluded_lines": [12, 13], "start_line": 1, "executed_branches": [[26, 27], [26, 35], [27, 26], [27, 32]], "missing_branches": []}}}, "cookiecutter/generate.py": {"executed_lines": [3, 5, 6, 7, 8, 9, 10, 11, 12, 13, 15, 16, 17, 18, 20, 26, 27, 28, 29, 36, 39, 49, 50, 53, 54, 59, 66, 67, 68, 70, 74, 75, 104, 110, 123, 126, 140, 142, 143, 144, 145, 148, 149, 150, 154, 157, 158, 159, 163, 164, 165, 168, 169, 171, 172, 175, 202, 205, 207, 208, 209, 213, 217, 220, 221, 229, 232, 233, 239, 241, 249, 250, 251, 252, 254, 256, 257, 260, 263, 271, 275, 276, 278, 280, 284, 286, 287, 288, 292, 293, 297, 300, 327, 349, 351, 353, 354, 356, 357, 359, 362, 373, 374, 378, 380, 381, 385, 386, 388, 392, 393, 395, 406, 421, 422, 435, 436, 437, 447, 448, 457, 458, 466], "summary": {"covered_lines": 123, "num_statements": 202, "percent_covered": 57.08955223880597, "percent_covered_display": "57", "missing_lines": 79, "excluded_lines": 0, "percent_statements_covered": 60.89108910891089, "percent_statements_covered_display": "61", "num_branches": 66, "num_partial_branches": 18, "covered_branches": 30, "missing_branches": 36, "percent_branches_covered": 45.45454545454545, "percent_branches_covered_display": "45"}, "missing_lines": [51, 52, 56, 72, 76, 77, 78, 79, 82, 83, 85, 89, 92, 96, 97, 99, 103, 106, 109, 113, 114, 115, 116, 120, 166, 167, 210, 211, 214, 215, 222, 223, 224, 225, 234, 237, 238, 243, 244, 272, 273, 295, 316, 322, 363, 364, 396, 400, 401, 402, 404, 407, 408, 409, 410, 415, 416, 417, 423, 424, 425, 428, 429, 430, 431, 432, 433, 438, 439, 440, 441, 444, 445, 446, 451, 452, 453, 454, 455], "excluded_lines": [], "executed_branches": [[66, -59], [66, 67], [67, 68], [67, 74], [68, 70], [75, 104], [104, 110], [110, 123], [163, 164], [163, 168], [168, 169], [168, 171], [209, 213], [213, 217], [221, 229], [241, 249], [271, 275], [286, 287], [287, 288], [287, 292], [380, 381], [388, 392], [388, 457], [395, 406], [406, 421], [422, 435], [435, 388], [435, 436], [437, 447], [457, 458]], "missing_branches": [[50, 51], [50, 56], [51, 50], [51, 52], [68, 72], [75, 76], [76, 77], [76, 79], [79, 82], [79, 92], [82, 83], [82, 85], [92, 96], [92, 99], [104, 106], [110, 113], [209, 210], [213, 214], [221, 222], [241, 243], [271, 272], [286, 295], [380, 385], [395, 396], [400, 401], [400, 404], [406, 407], [415, 416], [415, 417], [422, 423], [429, 430], [429, 431], [437, 438], [452, 453], [452, 454], [457, 466]], "functions": {"is_copy_only_path": {"executed_lines": [49, 50, 53, 54], "summary": {"covered_lines": 4, "num_statements": 7, "percent_covered": 36.36363636363637, "percent_covered_display": "36", "missing_lines": 3, "excluded_lines": 0, "percent_statements_covered": 57.142857142857146, "percent_statements_covered_display": "57", "num_branches": 4, "num_partial_branches": 2, "covered_branches": 0, "missing_branches": 4, "percent_branches_covered": 0.0, "percent_branches_covered_display": "0"}, "missing_lines": [51, 52, 56], "excluded_lines": [], "start_line": 39, "executed_branches": [], "missing_branches": [[50, 51], [50, 56], [51, 50], [51, 52]]}, "apply_overwrites_to_context": {"executed_lines": [66, 67, 68, 70, 74, 75, 104, 110, 123], "summary": {"covered_lines": 9, "num_statements": 30, "percent_covered": 34.0, "percent_covered_display": "34", "missing_lines": 21, "excluded_lines": 0, "percent_statements_covered": 30.0, "percent_statements_covered_display": "30", "num_branches": 20, "num_partial_branches": 4, "covered_branches": 8, "missing_branches": 12, "percent_branches_covered": 40.0, "percent_branches_covered_display": "40"}, "missing_lines": [72, 76, 77, 78, 79, 82, 83, 85, 89, 92, 96, 97, 99, 103, 106, 109, 113, 114, 115, 116, 120], "excluded_lines": [], "start_line": 59, "executed_branches": [[66, -59], [66, 67], [67, 68], [67, 74], [68, 70], [75, 104], [104, 110], [110, 123]], "missing_branches": [[68, 72], [75, 76], [76, 77], [76, 79], [79, 82], [79, 92], [82, 83], [82, 85], [92, 96], [92, 99], [104, 106], [110, 113]]}, "generate_context": {"executed_lines": [140, 142, 143, 144, 145, 148, 149, 150, 154, 157, 158, 159, 163, 164, 165, 168, 169, 171, 172], "summary": {"covered_lines": 19, "num_statements": 21, "percent_covered": 92.0, "percent_covered_display": "92", "missing_lines": 2, "excluded_lines": 0, "percent_statements_covered": 90.47619047619048, "percent_statements_covered_display": "90", "num_branches": 4, "num_partial_branches": 0, "covered_branches": 4, "missing_branches": 0, "percent_branches_covered": 100.0, "percent_branches_covered_display": "100"}, "missing_lines": [166, 167], "excluded_lines": [], "start_line": 126, "executed_branches": [[163, 164], [163, 168], [168, 169], [168, 171]], "missing_branches": []}, "generate_file": {"executed_lines": [202, 205, 207, 208, 209, 213, 217, 220, 221, 229, 232, 233, 239, 241, 249, 250, 251, 252, 254, 256, 257, 260], "summary": {"covered_lines": 22, "num_statements": 35, "percent_covered": 60.46511627906977, "percent_covered_display": "60", "missing_lines": 13, "excluded_lines": 0, "percent_statements_covered": 62.857142857142854, "percent_statements_covered_display": "63", "num_branches": 8, "num_partial_branches": 4, "covered_branches": 4, "missing_branches": 4, "percent_branches_covered": 50.0, "percent_branches_covered_display": "50"}, "missing_lines": [210, 211, 214, 215, 222, 223, 224, 225, 234, 237, 238, 243, 244], "excluded_lines": [], "start_line": 175, "executed_branches": [[209, 213], [213, 217], [221, 229], [241, 249]], "missing_branches": [[209, 210], [213, 214], [221, 222], [241, 243]]}, "render_and_create_dir": {"executed_lines": [271, 275, 276, 278, 280, 284, 286, 287, 288, 292, 293, 297], "summary": {"covered_lines": 12, "num_statements": 15, "percent_covered": 76.19047619047619, "percent_covered_display": "76", "missing_lines": 3, "excluded_lines": 0, "percent_statements_covered": 80.0, "percent_statements_covered_display": "80", "num_branches": 6, "num_partial_branches": 2, "covered_branches": 4, "missing_branches": 2, "percent_branches_covered": 66.66666666666667, "percent_branches_covered_display": "67"}, "missing_lines": [272, 273, 295], "excluded_lines": [], "start_line": 263, "executed_branches": [[271, 275], [286, 287], [287, 288], [287, 292]], "missing_branches": [[271, 272], [286, 295]]}, "_run_hook_from_repo_dir": {"executed_lines": [], "summary": {"covered_lines": 0, "num_statements": 2, "percent_covered": 0.0, "percent_covered_display": "0", "missing_lines": 2, "excluded_lines": 0, "percent_statements_covered": 0.0, "percent_statements_covered_display": "0", "num_branches": 0, "num_partial_branches": 0, "covered_branches": 0, "missing_branches": 0, "percent_branches_covered": 100.0, "percent_branches_covered_display": "100"}, "missing_lines": [316, 322], "excluded_lines": [], "start_line": 300, "executed_branches": [], "missing_branches": []}, "generate_files": {"executed_lines": [349, 351, 353, 354, 356, 357, 359, 362, 373, 374, 378, 380, 381, 385, 386, 388, 392, 393, 395, 406, 421, 422, 435, 436, 437, 447, 448, 457, 458, 466], "summary": {"covered_lines": 30, "num_statements": 65, "percent_covered": 44.943820224719104, "percent_covered_display": "45", "missing_lines": 35, "excluded_lines": 0, "percent_statements_covered": 46.15384615384615, "percent_statements_covered_display": "46", "num_branches": 24, "num_partial_branches": 6, "covered_branches": 10, "missing_branches": 14, "percent_branches_covered": 41.666666666666664, "percent_branches_covered_display": "42"}, "missing_lines": [363, 364, 396, 400, 401, 402, 404, 407, 408, 409, 410, 415, 416, 417, 423, 424, 425, 428, 429, 430, 431, 432, 433, 438, 439, 440, 441, 444, 445, 446, 451, 452, 453, 454, 455], "excluded_lines": [], "start_line": 327, "executed_branches": [[380, 381], [388, 392], [388, 457], [395, 406], [406, 421], [422, 435], [435, 388], [435, 436], [437, 447], [457, 458]], "missing_branches": [[380, 385], [395, 396], [400, 401], [400, 404], [406, 407], [415, 416], [415, 417], [422, 423], [429, 430], [429, 431], [437, 438], [452, 453], [452, 454], [457, 466]]}, "": {"executed_lines": [3, 5, 6, 7, 8, 9, 10, 11, 12, 13, 15, 16, 17, 18, 20, 26, 27, 28, 29, 36, 39, 59, 126, 175, 263, 300, 327], "summary": {"covered_lines": 27, "num_statements": 27, "percent_covered": 100.0, "percent_covered_display": "100", "missing_lines": 0, "excluded_lines": 0, "percent_statements_covered": 100.0, "percent_statements_covered_display": "100", "num_branches": 0, "num_partial_branches": 0, "covered_branches": 0, "missing_branches": 0, "percent_branches_covered": 100.0, "percent_branches_covered_display": "100"}, "missing_lines": [], "excluded_lines": [], "start_line": 1, "executed_branches": [], "missing_branches": []}}, "classes": {"": {"executed_lines": [3, 5, 6, 7, 8, 9, 10, 11, 12, 13, 15, 16, 17, 18, 20, 26, 27, 28, 29, 36, 39, 49, 50, 53, 54, 59, 66, 67, 68, 70, 74, 75, 104, 110, 123, 126, 140, 142, 143, 144, 145, 148, 149, 150, 154, 157, 158, 159, 163, 164, 165, 168, 169, 171, 172, 175, 202, 205, 207, 208, 209, 213, 217, 220, 221, 229, 232, 233, 239, 241, 249, 250, 251, 252, 254, 256, 257, 260, 263, 271, 275, 276, 278, 280, 284, 286, 287, 288, 292, 293, 297, 300, 327, 349, 351, 353, 354, 356, 357, 359, 362, 373, 374, 378, 380, 381, 385, 386, 388, 392, 393, 395, 406, 421, 422, 435, 436, 437, 447, 448, 457, 458, 466], "summary": {"covered_lines": 123, "num_statements": 202, "percent_covered": 57.08955223880597, "percent_covered_display": "57", "missing_lines": 79, "excluded_lines": 0, "percent_statements_covered": 60.89108910891089, "percent_statements_covered_display": "61", "num_branches": 66, "num_partial_branches": 18, "covered_branches": 30, "missing_branches": 36, "percent_branches_covered": 45.45454545454545, "percent_branches_covered_display": "45"}, "missing_lines": [51, 52, 56, 72, 76, 77, 78, 79, 82, 83, 85, 89, 92, 96, 97, 99, 103, 106, 109, 113, 114, 115, 116, 120, 166, 167, 210, 211, 214, 215, 222, 223, 224, 225, 234, 237, 238, 243, 244, 272, 273, 295, 316, 322, 363, 364, 396, 400, 401, 402, 404, 407, 408, 409, 410, 415, 416, 417, 423, 424, 425, 428, 429, 430, 431, 432, 433, 438, 439, 440, 441, 444, 445, 446, 451, 452, 453, 454, 455], "excluded_lines": [], "start_line": 1, "executed_branches": [[66, -59], [66, 67], [67, 68], [67, 74], [68, 70], [75, 104], [104, 110], [110, 123], [163, 164], [163, 168], [168, 169], [168, 171], [209, 213], [213, 217], [221, 229], [241, 249], [271, 275], [286, 287], [287, 288], [287, 292], [380, 381], [388, 392], [388, 457], [395, 406], [406, 421], [422, 435], [435, 388], [435, 436], [437, 447], [457, 458]], "missing_branches": [[50, 51], [50, 56], [51, 50], [51, 52], [68, 72], [75, 76], [76, 77], [76, 79], [79, 82], [79, 92], [82, 83], [82, 85], [92, 96], [92, 99], [104, 106], [110, 113], [209, 210], [213, 214], [221, 222], [241, 243], [271, 272], [286, 295], [380, 385], [395, 396], [400, 401], [400, 404], [406, 407], [415, 416], [415, 417], [422, 423], [429, 430], [429, 431], [437, 438], [452, 453], [452, 454], [457, 466]]}}}, "cookiecutter/hooks.py": {"executed_lines": [3, 5, 6, 7, 8, 9, 10, 11, 12, 14, 16, 17, 18, 25, 27, 32, 35, 51, 63, 65, 66, 67, 80, 108, 130, 138, 139, 140, 141, 147, 163, 164, 165, 180, 186, 187, 188, 189], "summary": {"covered_lines": 38, "num_statements": 91, "percent_covered": 36.93693693693694, "percent_covered_display": "37", "missing_lines": 53, "excluded_lines": 0, "percent_statements_covered": 41.75824175824176, "percent_statements_covered_display": "42", "num_branches": 20, "num_partial_branches": 3, "covered_branches": 3, "missing_branches": 17, "percent_branches_covered": 15.0, "percent_branches_covered_display": "15"}, "missing_lines": [42, 43, 44, 45, 46, 48, 69, 75, 76, 77, 86, 87, 88, 90, 92, 94, 95, 96, 97, 98, 99, 100, 101, 102, 103, 104, 105, 117, 119, 121, 122, 123, 124, 125, 127, 142, 143, 144, 166, 170, 171, 172, 177, 192, 193, 194, 195, 196, 197, 198, 199, 200, 201], "excluded_lines": [], "executed_branches": [[65, 66], [139, 140], [188, 189]], "missing_branches": [[65, 69], [75, 76], [75, 77], [87, 88], [87, 90], [97, -80], [97, 98], [101, 102], [101, 104], [139, 142], [143, -130], [143, 144], [170, 171], [170, 172], [188, 192], [195, 196], [195, 201]], "functions": {"valid_hook": {"executed_lines": [], "summary": {"covered_lines": 0, "num_statements": 6, "percent_covered": 0.0, "percent_covered_display": "0", "missing_lines": 6, "excluded_lines": 0, "percent_statements_covered": 0.0, "percent_statements_covered_display": "0", "num_branches": 0, "num_partial_branches": 0, "covered_branches": 0, "missing_branches": 0, "percent_branches_covered": 100.0, "percent_branches_covered_display": "100"}, "missing_lines": [42, 43, 44, 45, 46, 48], "excluded_lines": [], "start_line": 35, "executed_branches": [], "missing_branches": []}, "find_hook": {"executed_lines": [63, 65, 66, 67], "summary": {"covered_lines": 4, "num_statements": 8, "percent_covered": 41.666666666666664, "percent_covered_display": "42", "missing_lines": 4, "excluded_lines": 0, "percent_statements_covered": 50.0, "percent_statements_covered_display": "50", "num_branches": 4, "num_partial_branches": 1, "covered_branches": 1, "missing_branches": 3, "percent_branches_covered": 25.0, "percent_branches_covered_display": "25"}, "missing_lines": [69, 75, 76, 77], "excluded_lines": [], "start_line": 51, "executed_branches": [[65, 66]], "missing_branches": [[65, 69], [75, 76], [75, 77]]}, "run_script": {"executed_lines": [], "summary": {"covered_lines": 0, "num_statements": 17, "percent_covered": 0.0, "percent_covered_display": "0", "missing_lines": 17, "excluded_lines": 0, "percent_statements_covered": 0.0, "percent_statements_covered_display": "0", "num_branches": 6, "num_partial_branches": 0, "covered_branches": 0, "missing_branches": 6, "percent_branches_covered": 0.0, "percent_branches_covered_display": "0"}, "missing_lines": [86, 87, 88, 90, 92, 94, 95, 96, 97, 98, 99, 100, 101, 102, 103, 104, 105], "excluded_lines": [], "start_line": 80, "executed_branches": [], "missing_branches": [[87, 88], [87, 90], [97, -80], [97, 98], [101, 102], [101, 104]]}, "run_script_with_context": {"executed_lines": [], "summary": {"covered_lines": 0, "num_statements": 8, "percent_covered": 0.0, "percent_covered_display": "0", "missing_lines": 8, "excluded_lines": 0, "percent_statements_covered": 0.0, "percent_statements_covered_display": "0", "num_branches": 0, "num_partial_branches": 0, "covered_branches": 0, "missing_branches": 0, "percent_branches_covered": 100.0, "percent_branches_covered_display": "100"}, "missing_lines": [117, 119, 121, 122, 123, 124, 125, 127], "excluded_lines": [], "start_line": 108, "executed_branches": [], "missing_branches": []}, "run_hook": {"executed_lines": [138, 139, 140, 141], "summary": {"covered_lines": 4, "num_statements": 7, "percent_covered": 45.45454545454545, "percent_covered_display": "45", "missing_lines": 3, "excluded_lines": 0, "percent_statements_covered": 57.142857142857146, "percent_statements_covered_display": "57", "num_branches": 4, "num_partial_branches": 1, "covered_branches": 1, "missing_branches": 3, "percent_branches_covered": 25.0, "percent_branches_covered_display": "25"}, "missing_lines": [142, 143, 144], "excluded_lines": [], "start_line": 130, "executed_branches": [[139, 140]], "missing_branches": [[139, 142], [143, -130], [143, 144]]}, "run_hook_from_repo_dir": {"executed_lines": [163, 164, 165], "summary": {"covered_lines": 3, "num_statements": 8, "percent_covered": 30.0, "percent_covered_display": "30", "missing_lines": 5, "excluded_lines": 0, "percent_statements_covered": 37.5, "percent_statements_covered_display": "38", "num_branches": 2, "num_partial_branches": 0, "covered_branches": 0, "missing_branches": 2, "percent_branches_covered": 0.0, "percent_branches_covered_display": "0"}, "missing_lines": [166, 170, 171, 172, 177], "excluded_lines": [], "start_line": 147, "executed_branches": [], "missing_branches": [[170, 171], [170, 172]]}, "run_pre_prompt_hook": {"executed_lines": [186, 187, 188, 189], "summary": {"covered_lines": 4, "num_statements": 14, "percent_covered": 27.77777777777778, "percent_covered_display": "28", "missing_lines": 10, "excluded_lines": 0, "percent_statements_covered": 28.571428571428573, "percent_statements_covered_display": "29", "num_branches": 4, "num_partial_branches": 1, "covered_branches": 1, "missing_branches": 3, "percent_branches_covered": 25.0, "percent_branches_covered_display": "25"}, "missing_lines": [192, 193, 194, 195, 196, 197, 198, 199, 200, 201], "excluded_lines": [], "start_line": 180, "executed_branches": [[188, 189]], "missing_branches": [[188, 192], [195, 196], [195, 201]]}, "": {"executed_lines": [3, 5, 6, 7, 8, 9, 10, 11, 12, 14, 16, 17, 18, 25, 27, 32, 35, 51, 80, 108, 130, 147, 180], "summary": {"covered_lines": 23, "num_statements": 23, "percent_covered": 100.0, "percent_covered_display": "100", "missing_lines": 0, "excluded_lines": 0, "percent_statements_covered": 100.0, "percent_statements_covered_display": "100", "num_branches": 0, "num_partial_branches": 0, "covered_branches": 0, "missing_branches": 0, "percent_branches_covered": 100.0, "percent_branches_covered_display": "100"}, "missing_lines": [], "excluded_lines": [], "start_line": 1, "executed_branches": [], "missing_branches": []}}, "classes": {"": {"executed_lines": [3, 5, 6, 7, 8, 9, 10, 11, 12, 14, 16, 17, 18, 25, 27, 32, 35, 51, 63, 65, 66, 67, 80, 108, 130, 138, 139, 140, 141, 147, 163, 164, 165, 180, 186, 187, 188, 189], "summary": {"covered_lines": 38, "num_statements": 91, "percent_covered": 36.93693693693694, "percent_covered_display": "37", "missing_lines": 53, "excluded_lines": 0, "percent_statements_covered": 41.75824175824176, "percent_statements_covered_display": "42", "num_branches": 20, "num_partial_branches": 3, "covered_branches": 3, "missing_branches": 17, "percent_branches_covered": 15.0, "percent_branches_covered_display": "15"}, "missing_lines": [42, 43, 44, 45, 46, 48, 69, 75, 76, 77, 86, 87, 88, 90, 92, 94, 95, 96, 97, 98, 99, 100, 101, 102, 103, 104, 105, 117, 119, 121, 122, 123, 124, 125, 127, 142, 143, 144, 166, 170, 171, 172, 177, 192, 193, 194, 195, 196, 197, 198, 199, 200, 201], "excluded_lines": [], "start_line": 1, "executed_branches": [[65, 66], [139, 140], [188, 189]], "missing_branches": [[65, 69], [75, 76], [75, 77], [87, 88], [87, 90], [97, -80], [97, 98], [101, 102], [101, 104], [139, 142], [143, -130], [143, 144], [170, 171], [170, 172], [188, 192], [195, 196], [195, 201]]}}}, "cookiecutter/log.py": {"executed_lines": [3, 5, 6, 8, 16, 22, 31, 32, 36, 39, 47, 48, 51, 52, 53, 54, 56], "summary": {"covered_lines": 17, "num_statements": 22, "percent_covered": 75.0, "percent_covered_display": "75", "missing_lines": 5, "excluded_lines": 0, "percent_statements_covered": 77.27272727272727, "percent_statements_covered_display": "77", "num_branches": 2, "num_partial_branches": 1, "covered_branches": 1, "missing_branches": 1, "percent_branches_covered": 50.0, "percent_branches_covered_display": "50"}, "missing_lines": [40, 41, 42, 43, 44], "excluded_lines": [], "executed_branches": [[39, 47]], "missing_branches": [[39, 40]], "functions": {"configure_logger": {"executed_lines": [31, 32, 36, 39, 47, 48, 51, 52, 53, 54, 56], "summary": {"covered_lines": 11, "num_statements": 16, "percent_covered": 66.66666666666667, "percent_covered_display": "67", "missing_lines": 5, "excluded_lines": 0, "percent_statements_covered": 68.75, "percent_statements_covered_display": "69", "num_branches": 2, "num_partial_branches": 1, "covered_branches": 1, "missing_branches": 1, "percent_branches_covered": 50.0, "percent_branches_covered_display": "50"}, "missing_lines": [40, 41, 42, 43, 44], "excluded_lines": [], "start_line": 22, "executed_branches": [[39, 47]], "missing_branches": [[39, 40]]}, "": {"executed_lines": [3, 5, 6, 8, 16, 22], "summary": {"covered_lines": 6, "num_statements": 6, "percent_covered": 100.0, "percent_covered_display": "100", "missing_lines": 0, "excluded_lines": 0, "percent_statements_covered": 100.0, "percent_statements_covered_display": "100", "num_branches": 0, "num_partial_branches": 0, "covered_branches": 0, "missing_branches": 0, "percent_branches_covered": 100.0, "percent_branches_covered_display": "100"}, "missing_lines": [], "excluded_lines": [], "start_line": 1, "executed_branches": [], "missing_branches": []}}, "classes": {"": {"executed_lines": [3, 5, 6, 8, 16, 22, 31, 32, 36, 39, 47, 48, 51, 52, 53, 54, 56], "summary": {"covered_lines": 17, "num_statements": 22, "percent_covered": 75.0, "percent_covered_display": "75", "missing_lines": 5, "excluded_lines": 0, "percent_statements_covered": 77.27272727272727, "percent_statements_covered_display": "77", "num_branches": 2, "num_partial_branches": 1, "covered_branches": 1, "missing_branches": 1, "percent_branches_covered": 50.0, "percent_branches_covered_display": "50"}, "missing_lines": [40, 41, 42, 43, 44], "excluded_lines": [], "start_line": 1, "executed_branches": [[39, 47]], "missing_branches": [[39, 40]]}}}, "cookiecutter/main.py": {"executed_lines": [8, 10, 11, 12, 13, 14, 15, 17, 18, 19, 20, 21, 22, 23, 24, 26, 29, 72, 73, 77, 79, 83, 92, 94, 96, 98, 99, 100, 101, 102, 105, 106, 108, 109, 111, 112, 117, 118, 123, 124, 125, 126, 128, 133, 136, 143, 144, 145, 146, 162, 163, 167, 170, 173, 176, 179, 181, 184, 185, 196, 198, 200, 203, 204, 205, 207, 208, 209, 211, 212], "summary": {"covered_lines": 70, "num_statements": 73, "percent_covered": 93.25842696629213, "percent_covered_display": "93", "missing_lines": 3, "excluded_lines": 0, "percent_statements_covered": 95.89041095890411, "percent_statements_covered_display": "96", "num_branches": 16, "num_partial_branches": 3, "covered_branches": 13, "missing_branches": 3, "percent_branches_covered": 81.25, "percent_branches_covered_display": "81"}, "missing_lines": [103, 197, 199], "excluded_lines": [], "executed_branches": [[72, 73], [72, 79], [100, 101], [100, 108], [102, 105], [111, 112], [111, 128], [144, 145], [144, 162], [162, 163], [162, 167], [196, 198], [198, 200]], "missing_branches": [[102, 103], [196, 197], [198, 199]], "functions": {"cookiecutter": {"executed_lines": [72, 73, 77, 79, 83, 92, 94, 96, 98, 99, 100, 101, 102, 105, 106, 108, 109, 111, 112, 117, 118, 123, 124, 125, 126, 128, 133, 136, 143, 144, 145, 146, 162, 163, 167, 170, 173, 176, 179, 181, 184, 185, 196, 198, 200], "summary": {"covered_lines": 45, "num_statements": 48, "percent_covered": 90.625, "percent_covered_display": "91", "missing_lines": 3, "excluded_lines": 0, "percent_statements_covered": 93.75, "percent_statements_covered_display": "94", "num_branches": 16, "num_partial_branches": 3, "covered_branches": 13, "missing_branches": 3, "percent_branches_covered": 81.25, "percent_branches_covered_display": "81"}, "missing_lines": [103, 197, 199], "excluded_lines": [], "start_line": 29, "executed_branches": [[72, 73], [72, 79], [100, 101], [100, 108], [102, 105], [111, 112], [111, 128], [144, 145], [144, 162], [162, 163], [162, 167], [196, 198], [198, 200]], "missing_branches": [[102, 103], [196, 197], [198, 199]]}, "_patch_import_path_for_repo.__init__": {"executed_lines": [205], "summary": {"covered_lines": 1, "num_statements": 1, "percent_covered": 100.0, "percent_covered_display": "100", "missing_lines": 0, "excluded_lines": 0, "percent_statements_covered": 100.0, "percent_statements_covered_display": "100", "num_branches": 0, "num_partial_branches": 0, "covered_branches": 0, "missing_branches": 0, "percent_branches_covered": 100.0, "percent_branches_covered_display": "100"}, "missing_lines": [], "excluded_lines": [], "start_line": 204, "executed_branches": [], "missing_branches": []}, "_patch_import_path_for_repo.__enter__": {"executed_lines": [208, 209], "summary": {"covered_lines": 2, "num_statements": 2, "percent_covered": 100.0, "percent_covered_display": "100", "missing_lines": 0, "excluded_lines": 0, "percent_statements_covered": 100.0, "percent_statements_covered_display": "100", "num_branches": 0, "num_partial_branches": 0, "covered_branches": 0, "missing_branches": 0, "percent_branches_covered": 100.0, "percent_branches_covered_display": "100"}, "missing_lines": [], "excluded_lines": [], "start_line": 207, "executed_branches": [], "missing_branches": []}, "_patch_import_path_for_repo.__exit__": {"executed_lines": [212], "summary": {"covered_lines": 1, "num_statements": 1, "percent_covered": 100.0, "percent_covered_display": "100", "missing_lines": 0, "excluded_lines": 0, "percent_statements_covered": 100.0, "percent_statements_covered_display": "100", "num_branches": 0, "num_partial_branches": 0, "covered_branches": 0, "missing_branches": 0, "percent_branches_covered": 100.0, "percent_branches_covered_display": "100"}, "missing_lines": [], "excluded_lines": [], "start_line": 211, "executed_branches": [], "missing_branches": []}, "": {"executed_lines": [8, 10, 11, 12, 13, 14, 15, 17, 18, 19, 20, 21, 22, 23, 24, 26, 29, 203, 204, 207, 211], "summary": {"covered_lines": 21, "num_statements": 21, "percent_covered": 100.0, "percent_covered_display": "100", "missing_lines": 0, "excluded_lines": 0, "percent_statements_covered": 100.0, "percent_statements_covered_display": "100", "num_branches": 0, "num_partial_branches": 0, "covered_branches": 0, "missing_branches": 0, "percent_branches_covered": 100.0, "percent_branches_covered_display": "100"}, "missing_lines": [], "excluded_lines": [], "start_line": 1, "executed_branches": [], "missing_branches": []}}, "classes": {"_patch_import_path_for_repo": {"executed_lines": [205, 208, 209, 212], "summary": {"covered_lines": 4, "num_statements": 4, "percent_covered": 100.0, "percent_covered_display": "100", "missing_lines": 0, "excluded_lines": 0, "percent_statements_covered": 100.0, "percent_statements_covered_display": "100", "num_branches": 0, "num_partial_branches": 0, "covered_branches": 0, "missing_branches": 0, "percent_branches_covered": 100.0, "percent_branches_covered_display": "100"}, "missing_lines": [], "excluded_lines": [], "start_line": 203, "executed_branches": [], "missing_branches": []}, "": {"executed_lines": [8, 10, 11, 12, 13, 14, 15, 17, 18, 19, 20, 21, 22, 23, 24, 26, 29, 72, 73, 77, 79, 83, 92, 94, 96, 98, 99, 100, 101, 102, 105, 106, 108, 109, 111, 112, 117, 118, 123, 124, 125, 126, 128, 133, 136, 143, 144, 145, 146, 162, 163, 167, 170, 173, 176, 179, 181, 184, 185, 196, 198, 200, 203, 204, 207, 211], "summary": {"covered_lines": 66, "num_statements": 69, "percent_covered": 92.94117647058823, "percent_covered_display": "93", "missing_lines": 3, "excluded_lines": 0, "percent_statements_covered": 95.65217391304348, "percent_statements_covered_display": "96", "num_branches": 16, "num_partial_branches": 3, "covered_branches": 13, "missing_branches": 3, "percent_branches_covered": 81.25, "percent_branches_covered_display": "81"}, "missing_lines": [103, 197, 199], "excluded_lines": [], "start_line": 1, "executed_branches": [[72, 73], [72, 79], [100, 101], [100, 108], [102, 105], [111, 112], [111, 128], [144, 145], [144, 162], [162, 163], [162, 167], [196, 198], [198, 200]], "missing_branches": [[102, 103], [196, 197], [198, 199]]}}}, "cookiecutter/prompt.py": {"executed_lines": [3, 5, 6, 7, 8, 9, 10, 11, 12, 13, 15, 16, 18, 19, 25, 45, 48, 49, 51, 61, 83, 91, 138, 141, 161, 164, 165, 166, 168, 169, 174, 196, 199, 220, 221, 222, 223, 229, 230, 231, 232, 234, 236, 239, 241, 242, 243, 244, 245, 246, 247, 250, 257, 258, 259, 262, 275, 276, 277, 280, 284, 292, 293, 294, 299, 300, 301, 302, 303, 304, 305, 306, 307, 311, 312, 313, 315, 316, 318, 321, 322, 324, 325, 330, 332, 334, 337, 338, 339, 340, 343, 345, 346, 348, 349, 351, 352, 353, 355, 358, 363, 366, 376, 377, 378, 379, 380, 381, 382, 384, 385, 395, 396, 400, 401, 403, 406], "summary": {"covered_lines": 117, "num_statements": 191, "percent_covered": 58.62068965517241, "percent_covered_display": "59", "missing_lines": 74, "excluded_lines": 2, "percent_statements_covered": 61.2565445026178, "percent_statements_covered_display": "61", "num_branches": 70, "num_partial_branches": 8, "covered_branches": 36, "missing_branches": 34, "percent_branches_covered": 51.42857142857143, "percent_branches_covered_display": "51"}, "missing_lines": [31, 37, 38, 39, 40, 42, 53, 54, 55, 56, 57, 58, 75, 80, 88, 100, 101, 103, 104, 106, 108, 113, 114, 115, 117, 118, 119, 126, 134, 135, 146, 147, 148, 150, 151, 153, 155, 156, 158, 171, 181, 182, 184, 189, 278, 279, 281, 308, 309, 329, 335, 356, 359, 360, 361, 388, 389, 390, 393, 397, 398, 418, 419, 421, 425, 427, 428, 429, 431, 432, 433, 435, 436, 438], "excluded_lines": [21, 22], "executed_branches": [[220, 221], [220, 222], [222, 223], [222, 229], [229, 230], [229, 231], [231, 232], [231, 234], [242, 243], [242, 247], [276, 277], [277, 280], [303, 304], [303, 343], [304, 305], [304, 307], [307, 311], [311, 312], [311, 315], [316, 318], [316, 322], [322, 324], [322, 330], [324, 325], [330, 303], [330, 332], [334, 337], [343, 345], [343, 363], [345, 346], [345, 348], [349, 343], [349, 351], [355, 358], [382, 384], [396, 400]], "missing_branches": [[39, 37], [39, 40], [54, 55], [54, 56], [56, 57], [56, 58], [100, 101], [100, 103], [113, 114], [113, 126], [114, 115], [114, 117], [117, 118], [117, 119], [153, 155], [153, 158], [181, 182], [181, 184], [276, 281], [277, 278], [307, 308], [324, 329], [334, 335], [355, 356], [382, 388], [396, 397], [418, 419], [418, 421], [427, 428], [427, 433], [428, 429], [428, 431], [435, 436], [435, 438]], "functions": {"read_user_variable": {"executed_lines": [], "summary": {"covered_lines": 0, "num_statements": 6, "percent_covered": 0.0, "percent_covered_display": "0", "missing_lines": 6, "excluded_lines": 0, "percent_statements_covered": 0.0, "percent_statements_covered_display": "0", "num_branches": 2, "num_partial_branches": 0, "covered_branches": 0, "missing_branches": 2, "percent_branches_covered": 0.0, "percent_branches_covered_display": "0"}, "missing_lines": [31, 37, 38, 39, 40, 42], "excluded_lines": [], "start_line": 25, "executed_branches": [], "missing_branches": [[39, 37], [39, 40]]}, "YesNoPrompt.process_response": {"executed_lines": [], "summary": {"covered_lines": 0, "num_statements": 6, "percent_covered": 0.0, "percent_covered_display": "0", "missing_lines": 6, "excluded_lines": 0, "percent_statements_covered": 0.0, "percent_statements_covered_display": "0", "num_branches": 4, "num_partial_branches": 0, "covered_branches": 0, "missing_branches": 4, "percent_branches_covered": 0.0, "percent_branches_covered_display": "0"}, "missing_lines": [53, 54, 55, 56, 57, 58], "excluded_lines": [], "start_line": 51, "executed_branches": [], "missing_branches": [[54, 55], [54, 56], [56, 57], [56, 58]]}, "read_user_yes_no": {"executed_lines": [], "summary": {"covered_lines": 0, "num_statements": 2, "percent_covered": 0.0, "percent_covered_display": "0", "missing_lines": 2, "excluded_lines": 0, "percent_statements_covered": 0.0, "percent_statements_covered_display": "0", "num_branches": 0, "num_partial_branches": 0, "covered_branches": 0, "missing_branches": 0, "percent_branches_covered": 100.0, "percent_branches_covered_display": "100"}, "missing_lines": [75, 80], "excluded_lines": [], "start_line": 61, "executed_branches": [], "missing_branches": []}, "read_repo_password": {"executed_lines": [], "summary": {"covered_lines": 0, "num_statements": 1, "percent_covered": 0.0, "percent_covered_display": "0", "missing_lines": 1, "excluded_lines": 0, "percent_statements_covered": 0.0, "percent_statements_covered_display": "0", "num_branches": 0, "num_partial_branches": 0, "covered_branches": 0, "missing_branches": 0, "percent_branches_covered": 100.0, "percent_branches_covered_display": "100"}, "missing_lines": [88], "excluded_lines": [], "start_line": 83, "executed_branches": [], "missing_branches": []}, "read_user_choice": {"executed_lines": [], "summary": {"covered_lines": 0, "num_statements": 15, "percent_covered": 0.0, "percent_covered_display": "0", "missing_lines": 15, "excluded_lines": 0, "percent_statements_covered": 0.0, "percent_statements_covered_display": "0", "num_branches": 8, "num_partial_branches": 0, "covered_branches": 0, "missing_branches": 8, "percent_branches_covered": 0.0, "percent_branches_covered_display": "0"}, "missing_lines": [100, 101, 103, 104, 106, 108, 113, 114, 115, 117, 118, 119, 126, 134, 135], "excluded_lines": [], "start_line": 91, "executed_branches": [], "missing_branches": [[100, 101], [100, 103], [113, 114], [113, 126], [114, 115], [114, 117], [117, 118], [117, 119]]}, "process_json": {"executed_lines": [], "summary": {"covered_lines": 0, "num_statements": 9, "percent_covered": 0.0, "percent_covered_display": "0", "missing_lines": 9, "excluded_lines": 0, "percent_statements_covered": 0.0, "percent_statements_covered_display": "0", "num_branches": 2, "num_partial_branches": 0, "covered_branches": 0, "missing_branches": 2, "percent_branches_covered": 0.0, "percent_branches_covered_display": "0"}, "missing_lines": [146, 147, 148, 150, 151, 153, 155, 156, 158], "excluded_lines": [], "start_line": 141, "executed_branches": [], "missing_branches": [[153, 155], [153, 158]]}, "JsonPrompt.process_response": {"executed_lines": [], "summary": {"covered_lines": 0, "num_statements": 1, "percent_covered": 0.0, "percent_covered_display": "0", "missing_lines": 1, "excluded_lines": 0, "percent_statements_covered": 0.0, "percent_statements_covered_display": "0", "num_branches": 0, "num_partial_branches": 0, "covered_branches": 0, "missing_branches": 0, "percent_branches_covered": 100.0, "percent_branches_covered_display": "100"}, "missing_lines": [171], "excluded_lines": [], "start_line": 169, "executed_branches": [], "missing_branches": []}, "read_user_dict": {"executed_lines": [], "summary": {"covered_lines": 0, "num_statements": 4, "percent_covered": 0.0, "percent_covered_display": "0", "missing_lines": 4, "excluded_lines": 0, "percent_statements_covered": 0.0, "perc
[...]
ecuted_lines": [62, 64, 67], "summary": {"covered_lines": 3, "num_statements": 3, "percent_covered": 100.0, "percent_covered_display": "100", "missing_lines": 0, "excluded_lines": 0, "percent_statements_covered": 100.0, "percent_statements_covered_display": "100", "num_branches": 0, "num_partial_branches": 0, "covered_branches": 0, "missing_branches": 0, "percent_branches_covered": 100.0, "percent_branches_covered_display": "100"}, "missing_lines": [], "excluded_lines": [], "start_line": 56, "executed_branches": [], "missing_branches": []}, "determine_repo_dir": {"executed_lines": [101, 103, 113, 123, 124, 126, 131, 132, 133, 135, 139], "summary": {"covered_lines": 11, "num_statements": 18, "percent_covered": 64.28571428571429, "percent_covered_display": "64", "missing_lines": 7, "excluded_lines": 0, "percent_statements_covered": 61.111111111111114, "percent_statements_covered_display": "61", "num_branches": 10, "num_partial_branches": 3, "covered_branches": 7, "missing_branches": 3, "percent_branches_covered": 70.0, "percent_branches_covered_display": "70"}, "missing_lines": [104, 111, 112, 114, 120, 121, 127], "excluded_lines": [], "start_line": 70, "executed_branches": [[103, 113], [113, 123], [126, 131], [131, 132], [131, 135], [132, 131], [132, 133]], "missing_branches": [[103, 104], [113, 114], [126, 127]]}, "": {"executed_lines": [3, 5, 6, 7, 9, 10, 11, 16, 28, 33, 38, 56, 70], "summary": {"covered_lines": 13, "num_statements": 13, "percent_covered": 100.0, "percent_covered_display": "100", "missing_lines": 0, "excluded_lines": 2, "percent_statements_covered": 100.0, "percent_statements_covered_display": "100", "num_branches": 0, "num_partial_branches": 0, "covered_branches": 0, "missing_branches": 0, "percent_branches_covered": 100.0, "percent_branches_covered_display": "100"}, "missing_lines": [], "excluded_lines": [13, 14], "start_line": 1, "executed_branches": [], "missing_branches": []}}, "classes": {"": {"executed_lines": [3, 5, 6, 7, 9, 10, 11, 16, 28, 30, 33, 35, 38, 44, 49, 50, 53, 56, 62, 64, 67, 70, 101, 103, 113, 123, 124, 126, 131, 132, 133, 135, 139], "summary": {"covered_lines": 33, "num_statements": 42, "percent_covered": 75.0, "percent_covered_display": "75", "missing_lines": 9, "excluded_lines": 2, "percent_statements_covered": 78.57142857142857, "percent_statements_covered_display": "79", "num_branches": 14, "num_partial_branches": 5, "covered_branches": 9, "missing_branches": 5, "percent_branches_covered": 64.28571428571429, "percent_branches_covered_display": "64"}, "missing_lines": [45, 51, 104, 111, 112, 114, 120, 121, 127], "excluded_lines": [13, 14], "start_line": 1, "executed_branches": [[44, 49], [50, 53], [103, 113], [113, 123], [126, 131], [131, 132], [131, 135], [132, 131], [132, 133]], "missing_branches": [[44, 45], [50, 51], [103, 104], [113, 114], [126, 127]]}}}, "cookiecutter/utils.py": {"executed_lines": [3, 5, 6, 7, 8, 9, 10, 11, 12, 13, 15, 17, 22, 25, 35, 43, 48, 49, 50, 51, 52, 53, 56, 57, 62, 63, 64, 65, 66, 68, 71, 80, 92, 102, 104, 106], "summary": {"covered_lines": 36, "num_statements": 53, "percent_covered": 67.27272727272727, "percent_covered_display": "67", "missing_lines": 17, "excluded_lines": 2, "percent_statements_covered": 67.9245283018868, "percent_statements_covered_display": "68", "num_branches": 2, "num_partial_branches": 1, "covered_branches": 1, "missing_branches": 1, "percent_branches_covered": 50.0, "percent_branches_covered_display": "50"}, "missing_lines": [31, 32, 40, 76, 77, 83, 84, 85, 86, 88, 89, 94, 95, 96, 97, 98, 99], "excluded_lines": [19, 20], "executed_branches": [[64, 65]], "missing_branches": [[64, 66]], "functions": {"force_delete": {"executed_lines": [], "summary": {"covered_lines": 0, "num_statements": 2, "percent_covered": 0.0, "percent_covered_display": "0", "missing_lines": 2, "excluded_lines": 0, "percent_statements_covered": 0.0, "percent_statements_covered_display": "0", "num_branches": 0, "num_partial_branches": 0, "covered_branches": 0, "missing_branches": 0, "percent_branches_covered": 100.0, "percent_branches_covered_display": "100"}, "missing_lines": [31, 32], "excluded_lines": [], "start_line": 25, "executed_branches": [], "missing_branches": []}, "rmtree": {"executed_lines": [], "summary": {"covered_lines": 0, "num_statements": 1, "percent_covered": 0.0, "percent_covered_display": "0", "missing_lines": 1, "excluded_lines": 0, "percent_statements_covered": 0.0, "percent_statements_covered_display": "0", "num_branches": 0, "num_partial_branches": 0, "covered_branches": 0, "missing_branches": 0, "percent_branches_covered": 100.0, "percent_branches_covered_display": "100"}, "missing_lines": [40], "excluded_lines": [], "start_line": 35, "executed_branches": [], "missing_branches": []}, "make_sure_path_exists": {"executed_lines": [48, 49, 50, 51, 52, 53], "summary": {"covered_lines": 6, "num_statements": 6, "percent_covered": 100.0, "percent_covered_display": "100", "missing_lines": 0, "excluded_lines": 0, "percent_statements_covered": 100.0, "percent_statements_covered_display": "100", "num_branches": 0, "num_partial_branches": 0, "covered_branches": 0, "missing_branches": 0, "percent_branches_covered": 100.0, "percent_branches_covered_display": "100"}, "missing_lines": [], "excluded_lines": [], "start_line": 43, "executed_branches": [], "missing_branches": []}, "work_in": {"executed_lines": [62, 63, 64, 65, 66, 68], "summary": {"covered_lines": 6, "num_statements": 6, "percent_covered": 87.5, "percent_covered_display": "88", "missing_lines": 0, "excluded_lines": 0, "percent_statements_covered": 100.0, "percent_statements_covered_display": "100", "num_branches": 2, "num_partial_branches": 1, "covered_branches": 1, "missing_branches": 1, "percent_branches_covered": 50.0, "percent_branches_covered_display": "50"}, "missing_lines": [], "excluded_lines": [], "start_line": 57, "executed_branches": [[64, 65]], "missing_branches": [[64, 66]]}, "make_executable": {"executed_lines": [], "summary": {"covered_lines": 0, "num_statements": 2, "percent_covered": 0.0, "percent_covered_display": "0", "missing_lines": 2, "excluded_lines": 0, "percent_statements_covered": 0.0, "percent_statements_covered_display": "0", "num_branches": 0, "num_partial_branches": 0, "covered_branches": 0, "missing_branches": 0, "percent_branches_covered": 100.0, "percent_branches_covered_display": "100"}, "missing_lines": [76, 77], "excluded_lines": [], "start_line": 71, "executed_branches": [], "missing_branches": []}, "simple_filter": {"executed_lines": [], "summary": {"covered_lines": 0, "num_statements": 4, "percent_covered": 0.0, "percent_covered_display": "0", "missing_lines": 4, "excluded_lines": 0, "percent_statements_covered": 0.0, "percent_statements_covered_display": "0", "num_branches": 0, "num_partial_branches": 0, "covered_branches": 0, "missing_branches": 0, "percent_branches_covered": 100.0, "percent_branches_covered_display": "100"}, "missing_lines": [83, 84, 88, 89], "excluded_lines": [], "start_line": 80, "executed_branches": [], "missing_branches": []}, "simple_filter.SimpleFilterExtension.__init__": {"executed_lines": [], "summary": {"covered_lines": 0, "num_statements": 2, "percent_covered": 0.0, "percent_covered_display": "0", "missing_lines": 2, "excluded_lines": 0, "percent_statements_covered": 0.0, "percent_statements_covered_display": "0", "num_branches": 0, "num_partial_branches": 0, "covered_branches": 0, "missing_branches": 0, "percent_branches_covered": 100.0, "percent_branches_covered_display": "100"}, "missing_lines": [85, 86], "excluded_lines": [], "start_line": 84, "executed_branches": [], "missing_branches": []}, "create_tmp_repo_dir": {"executed_lines": [], "summary": {"covered_lines": 0, "num_statements": 6, "percent_covered": 0.0, "percent_covered_display": "0", "missing_lines": 6, "excluded_lines": 0, "percent_statements_covered": 0.0, "percent_statements_covered_display": "0", "num_branches": 0, "num_partial_branches": 0, "covered_branches": 0, "missing_branches": 0, "percent_branches_covered": 100.0, "percent_branches_covered_display": "100"}, "missing_lines": [94, 95, 96, 97, 98, 99], "excluded_lines": [], "start_line": 92, "executed_branches": [], "missing_branches": []}, "create_env_with_context": {"executed_lines": [104, 106], "summary": {"covered_lines": 2, "num_statements": 2, "percent_covered": 100.0, "percent_covered_display": "100", "missing_lines": 0, "excluded_lines": 0, "percent_statements_covered": 100.0, "percent_statements_covered_display": "100", "num_branches": 0, "num_partial_branches": 0, "covered_branches": 0, "missing_branches": 0, "percent_branches_covered": 100.0, "percent_branches_covered_display": "100"}, "missing_lines": [], "excluded_lines": [], "start_line": 102, "executed_branches": [], "missing_branches": []}, "": {"executed_lines": [3, 5, 6, 7, 8, 9, 10, 11, 12, 13, 15, 17, 22, 25, 35, 43, 56, 57, 71, 80, 92, 102], "summary": {"covered_lines": 22, "num_statements": 22, "percent_covered": 100.0, "percent_covered_display": "100", "missing_lines": 0, "excluded_lines": 2, "percent_statements_covered": 100.0, "percent_statements_covered_display": "100", "num_branches": 0, "num_partial_branches": 0, "covered_branches": 0, "missing_branches": 0, "percent_branches_covered": 100.0, "percent_branches_covered_display": "100"}, "missing_lines": [], "excluded_lines": [19, 20], "start_line": 1, "executed_branches": [], "missing_branches": []}}, "classes": {"simple_filter.SimpleFilterExtension": {"executed_lines": [], "summary": {"covered_lines": 0, "num_statements": 2, "percent_covered": 0.0, "percent_covered_display": "0", "missing_lines": 2, "excluded_lines": 0, "percent_statements_covered": 0.0, "percent_statements_covered_display": "0", "num_branches": 0, "num_partial_branches": 0, "covered_branches": 0, "missing_branches": 0, "percent_branches_covered": 100.0, "percent_branches_covered_display": "100"}, "missing_lines": [85, 86], "excluded_lines": [], "start_line": 83, "executed_branches": [], "missing_branches": []}, "": {"executed_lines": [3, 5, 6, 7, 8, 9, 10, 11, 12, 13, 15, 17, 22, 25, 35, 43, 48, 49, 50, 51, 52, 53, 56, 57, 62, 63, 64, 65, 66, 68, 71, 80, 92, 102, 104, 106], "summary": {"covered_lines": 36, "num_statements": 51, "percent_covered": 69.81132075471699, "percent_covered_display": "70", "missing_lines": 15, "excluded_lines": 2, "percent_statements_covered": 70.58823529411765, "percent_statements_covered_display": "71", "num_branches": 2, "num_partial_branches": 1, "covered_branches": 1, "missing_branches": 1, "percent_branches_covered": 50.0, "percent_branches_covered_display": "50"}, "missing_lines": [31, 32, 40, 76, 77, 83, 84, 88, 89, 94, 95, 96, 97, 98, 99], "excluded_lines": [19, 20], "start_line": 1, "executed_branches": [[64, 65]], "missing_branches": [[64, 66]]}}}, "cookiecutter/vcs.py": {"executed_lines": [3, 5, 6, 7, 8, 9, 10, 15, 21, 22, 24, 27, 33, 54, 63], "summary": {"covered_lines": 15, "num_statements": 63, "percent_covered": 16.853932584269664, "percent_covered_display": "17", "missing_lines": 48, "excluded_lines": 2, "percent_statements_covered": 23.80952380952381, "percent_statements_covered_display": "24", "num_branches": 26, "num_partial_branches": 0, "covered_branches": 0, "missing_branches": 26, "percent_branches_covered": 0.0, "percent_branches_covered_display": "0"}, "missing_lines": [41, 42, 43, 44, 45, 46, 47, 48, 49, 50, 51, 60, 80, 81, 84, 87, 88, 89, 91, 92, 93, 94, 95, 96, 97, 98, 100, 101, 103, 105, 106, 107, 112, 113, 115, 116, 117, 122, 123, 124, 125, 129, 130, 131, 135, 136, 137, 139], "excluded_lines": [12, 13], "executed_branches": [], "missing_branches": [[42, 43], [42, 47], [44, 45], [44, 46], [47, 48], [47, 49], [49, 50], [49, 51], [87, 88], [87, 91], [93, 94], [93, 96], [96, 97], [96, 98], [100, 101], [100, 103], [105, 106], [105, 139], [112, 113], [112, 139], [115, 116], [115, 117], [124, 125], [124, 130], [130, 131], [130, 136]], "functions": {"identify_repo": {"executed_lines": [], "summary": {"covered_lines": 0, "num_statements": 11, "percent_covered": 0.0, "percent_covered_display": "0", "missing_lines": 11, "excluded_lines": 0, "percent_statements_covered": 0.0, "percent_statements_covered_display": "0", "num_branches": 8, "num_partial_branches": 0, "covered_branches": 0, "missing_branches": 8, "percent_branches_covered": 0.0, "percent_branches_covered_display": "0"}, "missing_lines": [41, 42, 43, 44, 45, 46, 47, 48, 49, 50, 51], "excluded_lines": [], "start_line": 33, "executed_branches": [], "missing_branches": [[42, 43], [42, 47], [44, 45], [44, 46], [47, 48], [47, 49], [49, 50], [49, 51]]}, "is_vcs_installed": {"executed_lines": [], "summary": {"covered_lines": 0, "num_statements": 1, "percent_covered": 0.0, "percent_covered_display": "0", "missing_lines": 1, "excluded_lines": 0, "percent_statements_covered": 0.0, "percent_statements_covered_display": "0", "num_branches": 0, "num_partial_branches": 0, "covered_branches": 0, "missing_branches": 0, "percent_branches_covered": 100.0, "percent_branches_covered_display": "100"}, "missing_lines": [60], "excluded_lines": [], "start_line": 54, "executed_branches": [], "missing_branches": []}, "clone": {"executed_lines": [], "summary": {"covered_lines": 0, "num_statements": 36, "percent_covered": 0.0, "percent_covered_display": "0", "missing_lines": 36, "excluded_lines": 0, "percent_statements_covered": 0.0, "percent_statements_covered_display": "0", "num_branches": 18, "num_partial_branches": 0, "covered_branches": 0, "missing_branches": 18, "percent_branches_covered": 0.0, "percent_branches_covered_display": "0"}, "missing_lines": [80, 81, 84, 87, 88, 89, 91, 92, 93, 94, 95, 96, 97, 98, 100, 101, 103, 105, 106, 107, 112, 113, 115, 116, 117, 122, 123, 124, 125, 129, 130, 131, 135, 136, 137, 139], "excluded_lines": [], "start_line": 63, "executed_branches": [], "missing_branches": [[87, 88], [87, 91], [93, 94], [93, 96], [96, 97], [96, 98], [100, 101], [100, 103], [105, 106], [105, 139], [112, 113], [112, 139], [115, 116], [115, 117], [124, 125], [124, 130], [130, 131], [130, 136]]}, "": {"executed_lines": [3, 5, 6, 7, 8, 9, 10, 15, 21, 22, 24, 27, 33, 54, 63], "summary": {"covered_lines": 15, "num_statements": 15, "percent_covered": 100.0, "percent_covered_display": "100", "missing_lines": 0, "excluded_lines": 2, "percent_statements_covered": 100.0, "percent_statements_covered_display": "100", "num_branches": 0, "num_partial_branches": 0, "covered_branches": 0, "missing_branches": 0, "percent_branches_covered": 100.0, "percent_branches_covered_display": "100"}, "missing_lines": [], "excluded_lines": [12, 13], "start_line": 1, "executed_branches": [], "missing_branches": []}}, "classes": {"": {"executed_lines": [3, 5, 6, 7, 8, 9, 10, 15, 21, 22, 24, 27, 33, 54, 63], "summary": {"covered_lines": 15, "num_statements": 63, "percent_covered": 16.853932584269664, "percent_covered_display": "17", "missing_lines": 48, "excluded_lines": 2, "percent_statements_covered": 23.80952380952381, "percent_statements_covered_display": "24", "num_branches": 26, "num_partial_branches": 0, "covered_branches": 0, "missing_branches": 26, "percent_branches_covered": 0.0, "percent_branches_covered_display": "0"}, "missing_lines": [41, 42, 43, 44, 45, 46, 47, 48, 49, 50, 51, 60, 80, 81, 84, 87, 88, 89, 91, 92, 93, 94, 95, 96, 97, 98, 100, 101, 103, 105, 106, 107, 112, 113, 115, 116, 117, 122, 123, 124, 125, 129, 130, 131, 135, 136, 137, 139], "excluded_lines": [12, 13], "start_line": 1, "executed_branches": [], "missing_branches": [[42, 43], [42, 47], [44, 45], [44, 46], [47, 48], [47, 49], [49, 50], [49, 51], [87, 88], [87, 91], [93, 94], [93, 96], [96, 97], [96, 98], [100, 101], [100, 103], [105, 106], [105, 139], [112, 113], [112, 139], [115, 116], [115, 117], [124, 125], [124, 130], [130, 131], [130, 136]]}}}, "cookiecutter/zipfile.py": {"executed_lines": [3, 5, 6, 7, 8, 10, 12, 13, 14, 17], "summary": {"covered_lines": 10, "num_statements": 64, "percent_covered": 11.627906976744185, "percent_covered_display": "12", "missing_lines": 54, "excluded_lines": 0, "percent_statements_covered": 15.625, "percent_statements_covered_display": "16", "num_branches": 22, "num_partial_branches": 0, "covered_branches": 0, "missing_branches": 22, "percent_branches_covered": 0.0, "percent_branches_covered_display": "0"}, "missing_lines": [38, 39, 41, 44, 45, 47, 48, 50, 52, 54, 55, 56, 57, 58, 61, 65, 70, 71, 72, 73, 77, 78, 79, 80, 83, 84, 85, 88, 89, 90, 93, 94, 95, 98, 99, 100, 101, 102, 103, 105, 106, 107, 108, 109, 112, 113, 114, 115, 116, 119, 121, 122, 123, 125], "excluded_lines": [], "executed_branches": [], "missing_branches": [[41, 44], [41, 61], [47, 48], [47, 50], [52, 54], [52, 65], [56, 57], [56, 65], [57, 56], [57, 58], [71, 72], [71, 77], [78, 79], [78, 83], [93, 94], [93, 101], [101, 102], [101, 105], [106, 107], [106, 125], [115, 106], [115, 116]], "functions": {"unzip": {"executed_lines": [], "summary": {"covered_lines": 0, "num_statements": 54, "percent_covered": 0.0, "percent_covered_display": "0", "missing_lines": 54, "excluded_lines": 0, "percent_statements_covered": 0.0, "percent_statements_covered_display": "0", "num_branches": 22, "num_partial_branches": 0, "covered_branches": 0, "missing_branches": 22, "percent_branches_covered": 0.0, "percent_branches_covered_display": "0"}, "missing_lines": [38, 39, 41, 44, 45, 47, 48, 50, 52, 54, 55, 56, 57, 58, 61, 65, 70, 71, 72, 73, 77, 78, 79, 80, 83, 84, 85, 88, 89, 90, 93, 94, 95, 98, 99, 100, 101, 102, 103, 105, 106, 107, 108, 109, 112, 113, 114, 115, 116, 119, 121, 122, 123, 125], "excluded_lines": [], "start_line": 17, "executed_branches": [], "missing_branches": [[41, 44], [41, 61], [47, 48], [47, 50], [52, 54], [52, 65], [56, 57], [56, 65], [57, 56], [57, 58], [71, 72], [71, 77], [78, 79], [78, 83], [93, 94], [93, 101], [101, 102], [101, 105], [106, 107], [106, 125], [115, 106], [115, 116]]}, "": {"executed_lines": [3, 5, 6, 7, 8, 10, 12, 13, 14, 17], "summary": {"covered_lines": 10, "num_statements": 10, "percent_covered": 100.0, "percent_covered_display": "100", "missing_lines": 0, "excluded_lines": 0, "percent_statements_covered": 100.0, "percent_statements_covered_display": "100", "num_branches": 0, "num_partial_branches": 0, "covered_branches": 0, "missing_branches": 0, "percent_branches_covered": 100.0, "percent_branches_covered_display": "100"}, "missing_lines": [], "excluded_lines": [], "start_line": 1, "executed_branches": [], "missing_branches": []}}, "classes": {"": {"executed_lines": [3, 5, 6, 7, 8, 10, 12, 13, 14, 17], "summary": {"covered_lines": 10, "num_statements": 64, "percent_covered": 11.627906976744185, "percent_covered_display": "12", "missing_lines": 54, "excluded_lines": 0, "percent_statements_covered": 15.625, "percent_statements_covered_display": "16", "num_branches": 22, "num_partial_branches": 0, "covered_branches": 0, "missing_branches": 22, "percent_branches_covered": 0.0, "percent_branches_covered_display": "0"}, "missing_lines": [38, 39, 41, 44, 45, 47, 48, 50, 52, 54, 55, 56, 57, 58, 61, 65, 70, 71, 72, 73, 77, 78, 79, 80, 83, 84, 85, 88, 89, 90, 93, 94, 95, 98, 99, 100, 101, 102, 103, 105, 106, 107, 108, 109, 112, 113, 114, 115, 116, 119, 121, 122, 123, 125], "excluded_lines": [], "start_line": 1, "executed_branches": [], "missing_branches": [[41, 44], [41, 61], [47, 48], [47, 50], [52, 54], [52, 65], [56, 57], [56, 65], [57, 56], [57, 58], [71, 72], [71, 77], [78, 79], [78, 83], [93, 94], [93, 101], [101, 102], [101, 105], [106, 107], [106, 125], [115, 106], [115, 116]]}}}}, "totals": {"covered_lines": 699, "num_statements": 1101, "percent_covered": 59.06810035842294, "percent_covered_display": "59", "missing_lines": 402, "excluded_lines": 23, "percent_statements_covered": 63.48773841961853, "percent_statements_covered_display": "63", "num_branches": 294, "num_partial_branches": 49, "covered_branches": 125, "missing_branches": 169, "percent_branches_covered": 42.51700680272109, "percent_branches_covered_display": "43"}}